<?xml version="1.0" encoding="UTF-8"?>
<robot generator="Robot 5.0.1 (Python 3.9.13 on win32)" generated="20230223 19:11:23.589" rpa="true" schemaversion="3">
<suite id="s1" name="Tasks" source="C:\Users\arnab\Desktop\ROBOCORP\my-certII-robot\tasks.robot">
<test id="s1-t1" name="Order robots from RobotSpareBin Industries Inc" line="29">
<kw name="Get Developer Details from vault">
<kw name="Get Secret" library="RPA.Robocloud.Secrets">
<var>${secret}</var>
<arg>Developer_Details</arg>
<doc>Read a secret from the configured source, e.g. Robocorp Vault,
and return it as a ``Secret`` object.</doc>
<msg timestamp="20230223 19:11:28.304" level="INFO">Protecting keyword: RPA.Robocloud.Secrets.Get Secret</msg>
<msg timestamp="20230223 19:11:31.459" level="INFO">Log level changed from NONE to INFO.</msg>
<status status="PASS" starttime="20230223 19:11:28.302" endtime="20230223 19:11:31.456"/>
</kw>
<kw name="Log" library="BuiltIn">
<arg>${secret}</arg>
<doc>Logs the given message with the given level.</doc>
<msg timestamp="20230223 19:11:31.462" level="INFO">Secret(name=Developer_Details, keys=[Name, Company, Designation])</msg>
<status status="PASS" starttime="20230223 19:11:31.460" endtime="20230223 19:11:31.466"/>
</kw>
<status status="PASS" starttime="20230223 19:11:28.299" endtime="20230223 19:11:31.467"/>
</kw>
<kw name="Open the robot order website">
<kw name="Open Available Browser" library="RPA.Browser.Selenium">
<arg>${url}</arg>
<doc>Attempts to open a browser on the user's device from a set of
supported browsers. Automatically downloads a corresponding webdriver
if none is already installed.</doc>
<msg timestamp="20230223 19:11:31.474" level="INFO">Creating an instance of the Chrome WebDriver.</msg>
<msg timestamp="20230223 19:11:31.520" level="INFO">====== WebDriver manager ======</msg>
<msg timestamp="20230223 19:11:33.282" level="INFO">Creating an instance of the Chrome WebDriver.</msg>
<msg timestamp="20230223 19:11:34.832" level="INFO">Created Chrome browser with arguments: --disable-dev-shm-usage --disable-web-security --allow-running-insecure-content --no-sandbox</msg>
<msg timestamp="20230223 19:11:34.832" level="INFO" html="true">&lt;p&gt;Attempted combinations:&lt;/p&gt;&lt;div class="doc"&gt;&lt;table&gt;&lt;tr&gt;&lt;th&gt;Browser&lt;/th&gt;&lt;th&gt;Download&lt;/th&gt;&lt;th&gt;Error&lt;/th&gt;&lt;/tr&gt;&lt;tr&gt;&lt;td&gt;Chrome&lt;/td&gt;&lt;td&gt;False&lt;/td&gt;&lt;td&gt;Message: 'chromedriver' executable needs to be in PATH. Please see https://chromedriver.chromium.org/home
&lt;/td&gt;&lt;/tr&gt;&lt;tr&gt;&lt;td&gt;Chrome&lt;/td&gt;&lt;td&gt;True&lt;/td&gt;&lt;td&gt;&lt;/td&gt;&lt;/tr&gt;&lt;/table&gt;&lt;/div&gt;</msg>
<msg timestamp="20230223 19:11:34.833" level="INFO">Opening url 'https://robotsparebinindustries.com/#/robot-order'</msg>
<status status="PASS" starttime="20230223 19:11:31.471" endtime="20230223 19:11:36.489"/>
</kw>
<status status="PASS" starttime="20230223 19:11:31.469" endtime="20230223 19:11:36.491"/>
</kw>
<kw name="Empty Directory" library="OperatingSystem">
<arg>C:\\Users\\arnab\\Desktop\\ROBOCORP\\my-certII-robot${/}pdf_files</arg>
<doc>Deletes all the content from the given directory.</doc>
<msg timestamp="20230223 19:11:36.495" level="INFO" html="true">Listing contents of directory '&lt;a href="file://C:\Users\arnab\Desktop\ROBOCORP\my-certII-robot\pdf_files"&gt;C:\Users\arnab\Desktop\ROBOCORP\my-certII-robot\pdf_files&lt;/a&gt;'.</msg>
<msg timestamp="20230223 19:11:36.499" level="INFO" html="true">Emptied directory '&lt;a href="file://C:\Users\arnab\Desktop\ROBOCORP\my-certII-robot\pdf_files"&gt;C:\Users\arnab\Desktop\ROBOCORP\my-certII-robot\pdf_files&lt;/a&gt;'.</msg>
<status status="PASS" starttime="20230223 19:11:36.493" endtime="20230223 19:11:36.500"/>
</kw>
<kw name="Empty Directory" library="OperatingSystem">
<arg>C:\\Users\\arnab\\Desktop\\ROBOCORP\\my-certII-robot${/}image_files</arg>
<doc>Deletes all the content from the given directory.</doc>
<msg timestamp="20230223 19:11:36.505" level="INFO" html="true">Listing contents of directory '&lt;a href="file://C:\Users\arnab\Desktop\ROBOCORP\my-certII-robot\image_files"&gt;C:\Users\arnab\Desktop\ROBOCORP\my-certII-robot\image_files&lt;/a&gt;'.</msg>
<msg timestamp="20230223 19:11:36.507" level="INFO" html="true">Emptied directory '&lt;a href="file://C:\Users\arnab\Desktop\ROBOCORP\my-certII-robot\image_files"&gt;C:\Users\arnab\Desktop\ROBOCORP\my-certII-robot\image_files&lt;/a&gt;'.</msg>
<status status="PASS" starttime="20230223 19:11:36.503" endtime="20230223 19:11:36.508"/>
</kw>
<kw name="Get orders">
<var>${orders}</var>
<kw name="Download" library="RPA.HTTP">
<arg>url=${csv_url}</arg>
<arg>target_file=${orders_file}</arg>
<arg>overwrite=True</arg>
<doc>An alias for the ``HTTP Get`` keyword.</doc>
<msg timestamp="20230223 19:11:36.520" level="INFO">Creating a new HTTP session</msg>
<msg timestamp="20230223 19:11:36.521" level="INFO">Creating Session using : alias=rpasession_alias.httpsrobotsparebinindustries.com, url=https://robotsparebinindustries.com, headers={},                     cookies={}, auth=None, timeout=None, proxies=None, verify=True,                     debug=0 </msg>
<status status="PASS" starttime="20230223 19:11:36.515" endtime="20230223 19:11:37.248"/>
</kw>
<kw name="Read table from CSV" library="RPA.Tables">
<var>${table}</var>
<arg>path=${orders_file}</arg>
<doc>Read a CSV file as a table.</doc>
<msg timestamp="20230223 19:11:37.263" level="INFO">${table} = Table(columns=['Order number', 'Head', 'Body', 'Legs', 'Address'], rows=20)</msg>
<status status="PASS" starttime="20230223 19:11:37.251" endtime="20230223 19:11:37.263"/>
</kw>
<msg timestamp="20230223 19:11:37.264" level="INFO">${orders} = Table(columns=['Order number', 'Head', 'Body', 'Legs', 'Address'], rows=20)</msg>
<status status="PASS" starttime="20230223 19:11:36.510" endtime="20230223 19:11:37.265"/>
</kw>
<for flavor="IN">
<var>${row}</var>
<value>@{orders}</value>
<iter>
<var name="${row}">{'Order number': '1', 'Head': '1', 'Body': '2', 'Legs': '3', 'Address': 'Address 123'}</var>
<kw name="Log" library="BuiltIn">
<arg>${row}</arg>
<doc>Logs the given message with the given level.</doc>
<msg timestamp="20230223 19:11:37.273" level="INFO">{'Order number': '1', 'Head': '1', 'Body': '2', 'Legs': '3', 'Address': 'Address 123'}</msg>
<status status="PASS" starttime="20230223 19:11:37.272" endtime="20230223 19:11:37.274"/>
</kw>
<kw name="Close the annoying modal">
<kw name="Wait And Click Button" library="RPA.Browser.Selenium">
<arg>xpath://html/body/div/div/div[2]/div/div/div/div/div/button[1]</arg>
<doc>Click button identified by ``locator``, once it becomes visible.</doc>
<msg timestamp="20230223 19:11:37.315" level="INFO">Clicking button 'xpath://html/body/div/div/div[2]/div/div/div/div/div/button[1]'.</msg>
<status status="PASS" starttime="20230223 19:11:37.276" endtime="20230223 19:11:37.383"/>
</kw>
<status status="PASS" starttime="20230223 19:11:37.274" endtime="20230223 19:11:37.384"/>
</kw>
<kw name="Fill the form">
<arg>${row}</arg>
<kw name="Wait Until Element Is Visible" library="RPA.Browser.Selenium">
<arg>//*[@id="head"]</arg>
<doc>Waits until the element ``locator`` is visible.</doc>
<status status="PASS" starttime="20230223 19:11:37.386" endtime="20230223 19:11:37.411"/>
</kw>
<kw name="Wait Until Element Is Enabled" library="RPA.Browser.Selenium">
<arg>//*[@id="head"]</arg>
<doc>Waits until the element ``locator`` is enabled.</doc>
<status status="PASS" starttime="20230223 19:11:37.412" endtime="20230223 19:11:37.439"/>
</kw>
<kw name="Select From List By Value" library="RPA.Browser.Selenium">
<arg>//*[@id="head"]</arg>
<arg>${orders_detail}[Head]</arg>
<doc>Selects options from selection list ``locator`` by ``values``.</doc>
<msg timestamp="20230223 19:11:37.442" level="INFO">Selecting options from selection list '//*[@id="head"]' by value 1.</msg>
<status status="PASS" starttime="20230223 19:11:37.440" endtime="20230223 19:11:37.510"/>
</kw>
<kw name="Wait Until Element Is Enabled" library="RPA.Browser.Selenium">
<arg>body</arg>
<doc>Waits until the element ``locator`` is enabled.</doc>
<status status="PASS" starttime="20230223 19:11:37.512" endtime="20230223 19:11:37.555"/>
</kw>
<kw name="Select Radio Button" library="RPA.Browser.Selenium">
<arg>body</arg>
<arg>${orders_detail}[Body]</arg>
<doc>Sets the radio button group ``group_name`` to ``value``.</doc>
<msg timestamp="20230223 19:11:37.558" level="INFO">Selecting '2' from radio button 'body'.</msg>
<status status="PASS" starttime="20230223 19:11:37.556" endtime="20230223 19:11:37.625"/>
</kw>
<kw name="Wait Until Element Is Enabled" library="RPA.Browser.Selenium">
<arg>xpath://html/body/div/div/div[1]/div/div[1]/form/div[3]/input</arg>
<doc>Waits until the element ``locator`` is enabled.</doc>
<status status="PASS" starttime="20230223 19:11:37.626" endtime="20230223 19:11:37.658"/>
</kw>
<kw name="Input Text" library="RPA.Browser.Selenium">
<arg>xpath://html/body/div/div/div[1]/div/div[1]/form/div[3]/input</arg>
<arg>${orders_detail}[Legs]</arg>
<doc>Types the given ``text`` into the text field identified by ``locator``.</doc>
<msg timestamp="20230223 19:11:37.660" level="INFO">Typing text '3' into text field 'xpath://html/body/div/div/div[1]/div/div[1]/form/div[3]/input'.</msg>
<status status="PASS" starttime="20230223 19:11:37.659" endtime="20230223 19:11:37.731"/>
</kw>
<kw name="Wait Until Element Is Enabled" library="RPA.Browser.Selenium">
<arg>//*[@id="address"]</arg>
<doc>Waits until the element ``locator`` is enabled.</doc>
<status status="PASS" starttime="20230223 19:11:37.732" endtime="20230223 19:11:37.759"/>
</kw>
<kw name="Input Text" library="RPA.Browser.Selenium">
<arg>//*[@id="address"]</arg>
<arg>${orders_detail}[Address]</arg>
<doc>Types the given ``text`` into the text field identified by ``locator``.</doc>
<msg timestamp="20230223 19:11:37.762" level="INFO">Typing text 'Address 123' into text field '//*[@id="address"]'.</msg>
<status status="PASS" starttime="20230223 19:11:37.760" endtime="20230223 19:11:37.840"/>
</kw>
<status status="PASS" starttime="20230223 19:11:37.385" endtime="20230223 19:11:37.841"/>
</kw>
<kw name="Wait Until Keyword Succeeds" library="BuiltIn">
<arg>10x</arg>
<arg>2s</arg>
<arg>Preview the robot</arg>
<doc>Runs the specified keyword and retries if it fails.</doc>
<kw name="Preview the robot">
<kw name="Click Button" library="RPA.Browser.Selenium">
<arg>//*[@id="preview"]</arg>
<doc>Clicks the button identified by ``locator``.</doc>
<msg timestamp="20230223 19:11:37.850" level="INFO">Clicking button '//*[@id="preview"]'.</msg>
<status status="PASS" starttime="20230223 19:11:37.848" endtime="20230223 19:11:37.923"/>
</kw>
<kw name="Wait Until Element Is Visible" library="RPA.Browser.Selenium">
<arg>//*[@id="robot-preview-image"]</arg>
<doc>Waits until the element ``locator`` is visible.</doc>
<status status="PASS" starttime="20230223 19:11:37.924" endtime="20230223 19:11:37.950"/>
</kw>
<status status="PASS" starttime="20230223 19:11:37.844" endtime="20230223 19:11:37.952"/>
</kw>
<status status="PASS" starttime="20230223 19:11:37.842" endtime="20230223 19:11:37.952"/>
</kw>
<kw name="Wait Until Keyword Succeeds" library="BuiltIn">
<arg>10x</arg>
<arg>2s</arg>
<arg>Submit The Order</arg>
<doc>Runs the specified keyword and retries if it fails.</doc>
<kw name="Submit the order">
<kw name="Mute Run On Failure" library="RPA.RobotLogListener">
<arg>Page Should Contain Element</arg>
<doc>Set keywords which should not execute `SeleniumLibrary`
default behaviour of running keyword on failure.</doc>
<kw name="Get Library Instance" library="BuiltIn">
<arg>RPA.Browser</arg>
<doc>Returns the currently active instance of the specified library.</doc>
<msg timestamp="20230223 19:11:37.962" level="FAIL">No library 'RPA.Browser' found.</msg>
<status status="FAIL" starttime="20230223 19:11:37.958" endtime="20230223 19:11:37.968"/>
</kw>
<kw name="Get Library Instance" library="BuiltIn">
<arg>RPA.Browser.Selenium</arg>
<doc>Returns the currently active instance of the specified library.</doc>
<status status="PASS" starttime="20230223 19:11:37.970" endtime="20230223 19:11:37.973"/>
</kw>
<status status="PASS" starttime="20230223 19:11:37.956" endtime="20230223 19:11:37.975"/>
</kw>
<kw name="Click Button" library="RPA.Browser.Selenium">
<arg>//*[@id="order"]</arg>
<doc>Clicks the button identified by ``locator``.</doc>
<msg timestamp="20230223 19:11:37.983" level="INFO">Clicking button '//*[@id="order"]'.</msg>
<status status="PASS" starttime="20230223 19:11:37.977" endtime="20230223 19:11:38.084"/>
</kw>
<kw name="Page Should Contain Element" library="RPA.Browser.Selenium">
<arg>//*[@id="receipt"]</arg>
<doc>Verifies that element ``locator`` is found on the current page.</doc>
<msg timestamp="20230223 19:11:38.086" level="INFO">No keyword will be run on failure.</msg>
<msg timestamp="20230223 19:11:38.100" level="INFO">Current page contains element '//*[@id="receipt"]'.</msg>
<msg timestamp="20230223 19:11:38.102" level="INFO">Capture Page Screenshot will be run on failure.</msg>
<status status="PASS" starttime="20230223 19:11:38.085" endtime="20230223 19:11:38.101"/>
</kw>
<status status="PASS" starttime="20230223 19:11:37.955" endtime="20230223 19:11:38.103"/>
</kw>
<status status="PASS" starttime="20230223 19:11:37.953" endtime="20230223 19:11:38.104"/>
</kw>
<kw name="Take a screenshot of the robot">
<var>${orderid}</var>
<var>${screenshot}</var>
<kw name="Wait Until Element Is Visible" library="RPA.Browser.Selenium">
<arg>//*[@id="robot-preview-image"]</arg>
<doc>Waits until the element ``locator`` is visible.</doc>
<status status="PASS" starttime="20230223 19:11:38.107" endtime="20230223 19:11:38.135"/>
</kw>
<kw name="Wait Until Element Is Visible" library="RPA.Browser.Selenium">
<arg>//*[@id="receipt"]</arg>
<doc>Waits until the element ``locator`` is visible.</doc>
<status status="PASS" starttime="20230223 19:11:38.137" endtime="20230223 19:11:38.156"/>
</kw>
<kw name="Get Text" library="RPA.Browser.Selenium">
<var>${orderid}</var>
<arg>//*[@id="receipt"]/p[1]</arg>
<doc>Returns the text value of the element identified by ``locator``.</doc>
<msg timestamp="20230223 19:11:38.187" level="INFO">${orderid} = RSB-ROBO-ORDER-XZRBLP0IY</msg>
<status status="PASS" starttime="20230223 19:11:38.157" endtime="20230223 19:11:38.187"/>
</kw>
<kw name="Sleep" library="BuiltIn">
<arg>2sec</arg>
<doc>Pauses the test executed for the given time.</doc>
<msg timestamp="20230223 19:11:40.197" level="INFO">Slept 2 seconds</msg>
<status status="PASS" starttime="20230223 19:11:38.188" endtime="20230223 19:11:40.198"/>
</kw>
<kw name="Capture Element Screenshot" library="RPA.Browser.Selenium">
<arg>//*[@id="robot-preview-image"]</arg>
<arg>${image_files}${/}${orderid}.png</arg>
<doc>Captures a screenshot from the element identified by ``locator`` and embeds it into log file.</doc>
<msg timestamp="20230223 19:11:40.316" level="INFO" html="true">&lt;/td&gt;&lt;/tr&gt;&lt;tr&gt;&lt;td colspan="3"&gt;&lt;a href="image_files/RSB-ROBO-ORDER-XZRBLP0IY.png"&gt;&lt;img src="image_files/RSB-ROBO-ORDER-XZRBLP0IY.png" width="400px"&gt;&lt;/a&gt;</msg>
<status status="PASS" starttime="20230223 19:11:40.202" endtime="20230223 19:11:40.317"/>
</kw>
<kw name="Log" library="BuiltIn">
<arg>OrderID:${orderid}</arg>
<doc>Logs the given message with the given level.</doc>
<msg timestamp="20230223 19:11:40.319" level="INFO">OrderID:RSB-ROBO-ORDER-XZRBLP0IY</msg>
<status status="PASS" starttime="20230223 19:11:40.318" endtime="20230223 19:11:40.320"/>
</kw>
<kw name="Log" library="BuiltIn">
<arg>Path:${image_files}${/}${orderid}.png</arg>
<doc>Logs the given message with the given level.</doc>
<msg timestamp="20230223 19:11:40.322" level="INFO">Path:C:\Users\arnab\Desktop\ROBOCORP\my-certII-robot\image_files\RSB-ROBO-ORDER-XZRBLP0IY.png</msg>
<status status="PASS" starttime="20230223 19:11:40.320" endtime="20230223 19:11:40.322"/>
</kw>
<msg timestamp="20230223 19:11:40.327" level="INFO">${orderid} = RSB-ROBO-ORDER-XZRBLP0IY</msg>
<msg timestamp="20230223 19:11:40.327" level="INFO">${screenshot} = C:\Users\arnab\Desktop\ROBOCORP\my-certII-robot\image_files\RSB-ROBO-ORDER-XZRBLP0IY.png</msg>
<status status="PASS" starttime="20230223 19:11:38.105" endtime="20230223 19:11:40.328"/>
</kw>
<kw name="Store the receipt as a PDF file">
<var>${pdf}</var>
<arg>${orderid}</arg>
<kw name="Get Element Attribute" library="RPA.Browser.Selenium">
<var>${receipt_html}</var>
<arg>//*[@id="receipt"]</arg>
<arg>outerHTML</arg>
<doc>Returns the value of ``attribute`` from the element ``locator``.</doc>
<msg timestamp="20230223 19:11:40.354" level="INFO">${receipt_html} = &lt;div id="receipt" class="alert alert-success" role="alert"&gt;&lt;h3&gt;Receipt&lt;/h3&gt;&lt;div&gt;2023-02-23T13:41:38.072Z&lt;/div&gt;&lt;p class="badge badge-success"&gt;RSB-ROBO-ORDER-XZRBLP0IY&lt;/p&gt;&lt;p&gt;Address 123&lt;/p&gt;&lt;div id="part...</msg>
<status status="PASS" starttime="20230223 19:11:40.333" endtime="20230223 19:11:40.354"/>
</kw>
<kw name="Html To Pdf" library="RPA.PDF">
<arg>${receipt_html}</arg>
<arg>${pdf_files}${/}${orderid}.pdf</arg>
<doc>Generate a PDF file from HTML content.</doc>
<msg timestamp="20230223 19:11:40.360" level="INFO">Writing output to file C:\Users\arnab\Desktop\ROBOCORP\my-certII-robot\pdf_files\RSB-ROBO-ORDER-XZRBLP0IY.pdf</msg>
<msg timestamp="20230223 19:11:40.713" level="INFO">maxp pruned</msg>
<msg timestamp="20230223 19:11:40.715" level="INFO">cmap pruned</msg>
<msg timestamp="20230223 19:11:40.724" level="INFO">post pruned</msg>
<msg timestamp="20230223 19:11:40.728" level="INFO">GDEF dropped</msg>
<msg timestamp="20230223 19:11:40.729" level="INFO">GPOS dropped</msg>
<msg timestamp="20230223 19:11:40.729" level="INFO">GSUB dropped</msg>
<msg timestamp="20230223 19:11:40.734" level="INFO">name pruned</msg>
<msg timestamp="20230223 19:11:40.747" level="INFO">glyf pruned</msg>
<msg timestamp="20230223 19:11:40.748" level="INFO">Added gid0 to subset</msg>
<msg timestamp="20230223 19:11:40.749" level="INFO">Added first four glyphs to subset</msg>
<msg timestamp="20230223 19:11:40.749" level="INFO">Closing glyph list over 'glyf': 58 glyphs before</msg>
<msg timestamp="20230223 19:11:40.750" level="INFO">Glyph names: ['.notdef', '.null', 'uni0020', 'uni0021', 'uni002D', 'uni002E', 'uni0030', 'uni0031', 'uni0032', 'uni0033', 'uni0034', 'uni0035', 'uni0036', 'uni0037', 'uni0038', 'uni0039', 'uni003A', 'uni0041', 'uni0042', 'uni0044', 'uni0045', 'uni0048', 'uni0049', 'uni004C', 'uni004F', 'uni0050', 'uni0052', 'uni0053', 'uni0054', 'uni0057', 'uni0058', 'uni0059', 'uni005A', 'uni0061', 'uni0062', 'uni0063', 'uni0064', 'uni0065', 'uni0066', 'uni0067', 'uni0068', 'uni0069', 'uni006B', 'uni006C', 'uni006D', 'uni006E', 'uni006F', 'uni0070', 'uni0072', 'uni0073', 'uni0074', 'uni0075', 'uni0076', 'uni0077', 'uni0079', 'uni007B', 'uni007D', 'uni00C4']</msg>
<msg timestamp="20230223 19:11:40.752" level="INFO">Glyph IDs:   [0, 1, 2, 3, 65, 84, 95, 161, 197, 280, 320, 374, 382, 395, 409, 456, 463, 469, 493, 504, 575, 582, 594, 612, 645, 650, 660, 679, 715, 723, 752, 759, 775, 827, 837, 867, 884, 899, 932, 936, 950, 1294, 1295, 1296, 1298, 1299, 1300, 1302, 1303, 1304, 1305, 1329, 1345, 1346, 1361, 1404, 1407, 1681]</msg>
<msg timestamp="20230223 19:11:40.753" level="INFO">Closed glyph list over 'glyf': 58 glyphs after</msg>
<msg timestamp="20230223 19:11:40.754" level="INFO">Glyph names: ['.notdef', '.null', 'uni0020', 'uni0021', 'uni002D', 'uni002E', 'uni0030', 'uni0031', 'uni0032', 'uni0033', 'uni0034', 'uni0035', 'uni0036', 'uni0037', 'uni0038', 'uni0039', 'uni003A', 'uni0041', 'uni0042', 'uni0044', 'uni0045', 'uni0048', 'uni0049', 'uni004C', 'uni004F', 'uni0050', 'uni0052', 'uni0053', 'uni0054', 'uni0057', 'uni0058', 'uni0059', 'uni005A', 'uni0061', 'uni0062', 'uni0063', 'uni0064', 'uni0065', 'uni0066', 'uni0067', 'uni0068', 'uni0069', 'uni006B', 'uni006C', 'uni006D', 'uni006E', 'uni006F', 'uni0070', 'uni0072', 'uni0073', 'uni0074', 'uni0075', 'uni0076', 'uni0077', 'uni0079', 'uni007B', 'uni007D', 'uni00C4']</msg>
<msg timestamp="20230223 19:11:40.756" level="INFO">Glyph IDs:   [0, 1, 2, 3, 65, 84, 95, 161, 197, 280, 320, 374, 382, 395, 409, 456, 463, 469, 493, 504, 575, 582, 594, 612, 645, 650, 660, 679, 715, 723, 752, 759, 775, 827, 837, 867, 884, 899, 932, 936, 950, 1294, 1295, 1296, 1298, 1299, 1300, 1302, 1303, 1304, 1305, 1329, 1345, 1346, 1361, 1404, 1407, 1681]</msg>
<msg timestamp="20230223 19:11:40.756" level="INFO">Retaining 58 glyphs</msg>
<msg timestamp="20230223 19:11:40.758" level="INFO">head subsetting not needed</msg>
<msg timestamp="20230223 19:11:40.758" level="INFO">hhea subsetting not needed</msg>
<msg timestamp="20230223 19:11:40.759" level="INFO">maxp subsetting not needed</msg>
<msg timestamp="20230223 19:11:40.759" level="INFO">OS/2 subsetting not needed</msg>
<msg timestamp="20230223 19:11:40.762" level="INFO">hmtx subsetted</msg>
<msg timestamp="20230223 19:11:40.764" level="INFO">cmap subsetted</msg>
<msg timestamp="20230223 19:11:40.764" level="INFO">prep subsetting not needed</msg>
<msg timestamp="20230223 19:11:40.765" level="INFO">loca subsetting not needed</msg>
<msg timestamp="20230223 19:11:40.765" level="INFO">post subsetted</msg>
<msg timestamp="20230223 19:11:40.766" level="INFO">gasp subsetting not needed</msg>
<msg timestamp="20230223 19:11:40.766" level="INFO">STAT subsetting not needed</msg>
<msg timestamp="20230223 19:11:40.767" level="INFO">name subsetting not needed</msg>
<msg timestamp="20230223 19:11:40.769" level="INFO">glyf subsetted</msg>
<msg timestamp="20230223 19:11:40.771" level="INFO">head pruned</msg>
<msg timestamp="20230223 19:11:40.772" level="INFO">OS/2 Unicode ranges pruned: [0]</msg>
<msg timestamp="20230223 19:11:40.775" level="INFO">glyf pruned</msg>
<msg timestamp="20230223 19:11:40.855" level="INFO">maxp pruned</msg>
<msg timestamp="20230223 19:11:40.856" level="INFO">cmap pruned</msg>
<msg timestamp="20230223 19:11:40.857" level="INFO">post pruned</msg>
<msg timestamp="20230223 19:11:40.857" level="INFO">GDEF dropped</msg>
<msg timestamp="20230223 19:11:40.858" level="INFO">GPOS dropped</msg>
<msg timestamp="20230223 19:11:40.858" level="INFO">GSUB dropped</msg>
<msg timestamp="20230223 19:11:40.860" level="INFO">name pruned</msg>
<msg timestamp="20230223 19:11:40.886" level="INFO">glyf pruned</msg>
<msg timestamp="20230223 19:11:40.888" level="INFO">Added gid0 to subset</msg>
<msg timestamp="20230223 19:11:40.889" level="INFO">Added first four glyphs to subset</msg>
<msg timestamp="20230223 19:11:40.889" level="INFO">Closing glyph list over 'glyf': 19 glyphs before</msg>
<msg timestamp="20230223 19:11:40.890" level="INFO">Glyph names: ['.notdef', '.null', 'uni0020', 'uni0030', 'uni0031', 'uni0032', 'uni0033', 'uni0034', 'uni0035', 'uni0036', 'uni0037', 'uni0038', 'uni0039', 'uni0041', 'uni0062', 'uni006E', 'uni007B', 'uni007D', 'uni00C4']</msg>
<msg timestamp="20230223 19:11:40.893" level="INFO">Glyph IDs:   [0, 1, 2, 3, 575, 759, 1294, 1295, 1296, 1298, 1299, 1300, 1302, 1303, 1304, 1305, 1345, 1346, 1681]</msg>
<msg timestamp="20230223 19:11:40.893" level="INFO">Closed glyph list over 'glyf': 19 glyphs after</msg>
<msg timestamp="20230223 19:11:40.894" level="INFO">Glyph names: ['.notdef', '.null', 'uni0020', 'uni0030', 'uni0031', 'uni0032', 'uni0033', 'uni0034', 'uni0035', 'uni0036', 'uni0037', 'uni0038', 'uni0039', 'uni0041', 'uni0062', 'uni006E', 'uni007B', 'uni007D', 'uni00C4']</msg>
<msg timestamp="20230223 19:11:40.896" level="INFO">Glyph IDs:   [0, 1, 2, 3, 575, 759, 1294, 1295, 1296, 1298, 1299, 1300, 1302, 1303, 1304, 1305, 1345, 1346, 1681]</msg>
<msg timestamp="20230223 19:11:40.897" level="INFO">Retaining 19 glyphs</msg>
<msg timestamp="20230223 19:11:40.899" level="INFO">head subsetting not needed</msg>
<msg timestamp="20230223 19:11:40.899" level="INFO">hhea subsetting not needed</msg>
<msg timestamp="20230223 19:11:40.900" level="INFO">maxp subsetting not needed</msg>
<msg timestamp="20230223 19:11:40.900" level="INFO">OS/2 subsetting not needed</msg>
<msg timestamp="20230223 19:11:40.903" level="INFO">hmtx subsetted</msg>
<msg timestamp="20230223 19:11:40.905" level="INFO">cmap subsetted</msg>
<msg timestamp="20230223 19:11:40.906" level="INFO">prep subsetting not needed</msg>
<msg timestamp="20230223 19:11:40.906" level="INFO">loca subsetting not needed</msg>
<msg timestamp="20230223 19:11:40.907" level="INFO">post subsetted</msg>
<msg timestamp="20230223 19:11:40.907" level="INFO">gasp subsetting not needed</msg>
<msg timestamp="20230223 19:11:40.908" level="INFO">STAT subsetting not needed</msg>
<msg timestamp="20230223 19:11:40.908" level="INFO">name subsetting not needed</msg>
<msg timestamp="20230223 19:11:40.909" level="INFO">glyf subsetted</msg>
<msg timestamp="20230223 19:11:40.911" level="INFO">head pruned</msg>
<msg timestamp="20230223 19:11:40.915" level="INFO">OS/2 Unicode ranges pruned: [0]</msg>
<msg timestamp="20230223 19:11:40.918" level="INFO">glyf pruned</msg>
<msg timestamp="20230223 19:11:40.985" level="INFO">maxp pruned</msg>
<msg timestamp="20230223 19:11:40.986" level="INFO">cmap pruned</msg>
<msg timestamp="20230223 19:11:40.988" level="INFO">post pruned</msg>
<msg timestamp="20230223 19:11:40.989" level="INFO">GDEF dropped</msg>
<msg timestamp="20230223 19:11:40.990" level="INFO">GPOS dropped</msg>
<msg timestamp="20230223 19:11:40.991" level="INFO">GSUB dropped</msg>
<msg timestamp="20230223 19:11:40.993" level="INFO">name pruned</msg>
<msg timestamp="20230223 19:11:41.010" level="INFO">glyf pruned</msg>
<msg timestamp="20230223 19:11:41.016" level="INFO">Added gid0 to subset</msg>
<msg timestamp="20230223 19:11:41.016" level="INFO">Added first four glyphs to subset</msg>
<msg timestamp="20230223 19:11:41.017" level="INFO">Closing glyph list over 'glyf': 18 glyphs before</msg>
<msg timestamp="20230223 19:11:41.017" level="INFO">Glyph names: ['.notdef', '.null', 'uni0020', 'uni0030', 'uni0031', 'uni0032', 'uni0033', 'uni0034', 'uni0035', 'uni0036', 'uni0037', 'uni0038', 'uni0039', 'uni0062', 'uni006E', 'uni007B', 'uni007D', 'uni00A0']</msg>
<msg timestamp="20230223 19:11:41.018" level="INFO">Glyph IDs:   [0, 1, 2, 3, 544, 727, 1256, 1257, 1258, 1260, 1261, 1262, 1264, 1265, 1266, 1267, 1307, 1308]</msg>
<msg timestamp="20230223 19:11:41.019" level="INFO">Closed glyph list over 'glyf': 18 glyphs after</msg>
<msg timestamp="20230223 19:11:41.020" level="INFO">Glyph names: ['.notdef', '.null', 'uni0020', 'uni0030', 'uni0031', 'uni0032', 'uni0033', 'uni0034', 'uni0035', 'uni0036', 'uni0037', 'uni0038', 'uni0039', 'uni0062', 'uni006E', 'uni007B', 'uni007D', 'uni00A0']</msg>
<msg timestamp="20230223 19:11:41.020" level="INFO">Glyph IDs:   [0, 1, 2, 3, 544, 727, 1256, 1257, 1258, 1260, 1261, 1262, 1264, 1265, 1266, 1267, 1307, 1308]</msg>
<msg timestamp="20230223 19:11:41.021" level="INFO">Retaining 18 glyphs</msg>
<msg timestamp="20230223 19:11:41.022" level="INFO">head subsetting not needed</msg>
<msg timestamp="20230223 19:11:41.023" level="INFO">hhea subsetting not needed</msg>
<msg timestamp="20230223 19:11:41.024" level="INFO">maxp subsetting not needed</msg>
<msg timestamp="20230223 19:11:41.025" level="INFO">OS/2 subsetting not needed</msg>
<msg timestamp="20230223 19:11:41.030" level="INFO">hmtx subsetted</msg>
<msg timestamp="20230223 19:11:41.033" level="INFO">cmap subsetted</msg>
<msg timestamp="20230223 19:11:41.034" level="INFO">loca subsetting not needed</msg>
<msg timestamp="20230223 19:11:41.035" level="INFO">post subsetted</msg>
<msg timestamp="20230223 19:11:41.036" level="INFO">name subsetting not needed</msg>
<msg timestamp="20230223 19:11:41.038" level="INFO">glyf subsetted</msg>
<msg timestamp="20230223 19:11:41.039" level="INFO">head pruned</msg>
<msg timestamp="20230223 19:11:41.040" level="INFO">OS/2 Unicode ranges pruned: [0]</msg>
<msg timestamp="20230223 19:11:41.042" level="INFO">glyf pruned</msg>
<msg timestamp="20230223 19:11:41.098" level="INFO">maxp pruned</msg>
<msg timestamp="20230223 19:11:41.100" level="INFO">cmap pruned</msg>
<msg timestamp="20230223 19:11:41.101" level="INFO">post pruned</msg>
<msg timestamp="20230223 19:11:41.102" level="INFO">GDEF dropped</msg>
<msg timestamp="20230223 19:11:41.102" level="INFO">GPOS dropped</msg>
<msg timestamp="20230223 19:11:41.104" level="INFO">GSUB dropped</msg>
<msg timestamp="20230223 19:11:41.105" level="INFO">name pruned</msg>
<msg timestamp="20230223 19:11:41.120" level="INFO">glyf pruned</msg>
<msg timestamp="20230223 19:11:41.127" level="INFO">Added gid0 to subset</msg>
<msg timestamp="20230223 19:11:41.127" level="INFO">Added first four glyphs to subset</msg>
<msg timestamp="20230223 19:11:41.128" level="INFO">Closing glyph list over 'glyf': 18 glyphs before</msg>
<msg timestamp="20230223 19:11:41.128" level="INFO">Glyph names: ['.notdef', '.null', 'uni0020', 'uni0030', 'uni0031', 'uni0032', 'uni0033', 'uni0034', 'uni0035', 'uni0036', 'uni0037', 'uni0038', 'uni0039', 'uni0062', 'uni006E', 'uni007B', 'uni007D', 'uni00A0']</msg>
<msg timestamp="20230223 19:11:41.129" level="INFO">Glyph IDs:   [0, 1, 2, 3, 544, 727, 1256, 1257, 1258, 1260, 1261, 1262, 1264, 1265, 1266, 1267, 1307, 1308]</msg>
<msg timestamp="20230223 19:11:41.130" level="INFO">Closed glyph list over 'glyf': 18 glyphs after</msg>
<msg timestamp="20230223 19:11:41.130" level="INFO">Glyph names: ['.notdef', '.null', 'uni0020', 'uni0030', 'uni0031', 'uni0032', 'uni0033', 'uni0034', 'uni0035', 'uni0036', 'uni0037', 'uni0038', 'uni0039', 'uni0062', 'uni006E', 'uni007B', 'uni007D', 'uni00A0']</msg>
<msg timestamp="20230223 19:11:41.131" level="INFO">Glyph IDs:   [0, 1, 2, 3, 544, 727, 1256, 1257, 1258, 1260, 1261, 1262, 1264, 1265, 1266, 1267, 1307, 1308]</msg>
<msg timestamp="20230223 19:11:41.132" level="INFO">Retaining 18 glyphs</msg>
<msg timestamp="20230223 19:11:41.133" level="INFO">head subsetting not needed</msg>
<msg timestamp="20230223 19:11:41.133" level="INFO">hhea subsetting not needed</msg>
<msg timestamp="20230223 19:11:41.134" level="INFO">maxp subsetting not needed</msg>
<msg timestamp="20230223 19:11:41.134" level="INFO">OS/2 subsetting not needed</msg>
<msg timestamp="20230223 19:11:41.137" level="INFO">hmtx subsetted</msg>
<msg timestamp="20230223 19:11:41.138" level="INFO">cmap subsetted</msg>
<msg timestamp="20230223 19:11:41.139" level="INFO">loca subsetting not needed</msg>
<msg timestamp="20230223 19:11:41.139" level="INFO">post subsetted</msg>
<msg timestamp="20230223 19:11:41.140" level="INFO">name subsetting not needed</msg>
<msg timestamp="20230223 19:11:41.141" level="INFO">glyf subsetted</msg>
<msg timestamp="20230223 19:11:41.142" level="INFO">head pruned</msg>
<msg timestamp="20230223 19:11:41.142" level="INFO">OS/2 Unicode ranges pruned: [0]</msg>
<msg timestamp="20230223 19:11:41.144" level="INFO">glyf pruned</msg>
<status status="PASS" starttime="20230223 19:11:40.356" endtime="20230223 19:11:41.178"/>
</kw>
<kw name="Open Pdf" library="RPA.PDF">
<arg>${pdf_files}${/}${orderid}.pdf</arg>
<doc>Open a PDF document for reading.</doc>
<status status="PASS" starttime="20230223 19:11:41.180" endtime="20230223 19:11:41.198"/>
</kw>
<kw name="Create List" library="BuiltIn">
<var>${file_List}</var>
<arg>${image_files}${/}${orderid}.png:x=10,y=10</arg>
<doc>Returns a list containing given items.</doc>
<msg timestamp="20230223 19:11:41.205" level="INFO">${file_List} = ['C:\\Users\\arnab\\Desktop\\ROBOCORP\\my-certII-robot\\image_files\\RSB-ROBO-ORDER-XZRBLP0IY.png:x=10,y=10']</msg>
<status status="PASS" starttime="20230223 19:11:41.200" endtime="20230223 19:11:41.205"/>
</kw>
<kw name="Add Files To Pdf" library="RPA.PDF">
<arg>${file_List}</arg>
<arg>${pdf_files}${/}${orderid}.pdf</arg>
<arg>${True}</arg>
<doc>Add images and/or pdfs to new PDF document</doc>
<msg timestamp="20230223 19:11:41.214" level="INFO">Adding page: 0</msg>
<msg timestamp="20230223 19:11:41.225" level="WARN">Object 7 0 found</msg>
<msg timestamp="20230223 19:11:41.228" level="WARN">Overwriting cache for 0 7</msg>
<msg timestamp="20230223 19:11:41.238" level="WARN">Object 14 0 found</msg>
<msg timestamp="20230223 19:11:41.242" level="WARN">Overwriting cache for 0 14</msg>
<msg timestamp="20230223 19:11:41.251" level="WARN">Object 21 0 found</msg>
<msg timestamp="20230223 19:11:41.257" level="WARN">Overwriting cache for 0 21</msg>
<msg timestamp="20230223 19:11:41.270" level="WARN">Object 28 0 found</msg>
<msg timestamp="20230223 19:11:41.307" level="WARN">Overwriting cache for 0 28</msg>
<msg timestamp="20230223 19:11:41.321" level="INFO">File C:\Users\arnab\Desktop\ROBOCORP\my-certII-robot\image_files\RSB-ROBO-ORDER-XZRBLP0IY.png type: png</msg>
<msg timestamp="20230223 19:11:41.322" level="INFO">Image parameters: {'x': '10', 'y': '10'}</msg>
<status status="PASS" starttime="20230223 19:11:41.206" endtime="20230223 19:11:42.540"/>
</kw>
<kw name="Close Pdf" library="RPA.PDF">
<arg>${pdf_files}${/}${orderid}.pdf</arg>
<doc>Close PDF file descriptor for a certain file.</doc>
<msg timestamp="20230223 19:11:42.544" level="INFO">Closing PDF document: C:\Users\arnab\Desktop\ROBOCORP\my-certII-robot\pdf_files\RSB-ROBO-ORDER-XZRBLP0IY.pdf</msg>
<status status="PASS" starttime="20230223 19:11:42.542" endtime="20230223 19:11:42.544"/>
</kw>
<msg timestamp="20230223 19:11:42.546" level="INFO">${pdf} = None</msg>
<status status="PASS" starttime="20230223 19:11:40.329" endtime="20230223 19:11:42.547"/>
</kw>
<kw name="Go to order another robot">
<kw name="Wait Until Element Is Enabled" library="RPA.Browser.Selenium">
<arg>//*[@id="order-another"]</arg>
<doc>Waits until the element ``locator`` is enabled.</doc>
<status status="PASS" starttime="20230223 19:11:42.549" endtime="20230223 19:11:42.585"/>
</kw>
<kw name="Click Button" library="RPA.Browser.Selenium">
<arg>//*[@id="order-another"]</arg>
<doc>Clicks the button identified by ``locator``.</doc>
<msg timestamp="20230223 19:11:42.588" level="INFO">Clicking button '//*[@id="order-another"]'.</msg>
<status status="PASS" starttime="20230223 19:11:42.587" endtime="20230223 19:11:43.037"/>
</kw>
<status status="PASS" starttime="20230223 19:11:42.547" endtime="20230223 19:11:43.039"/>
</kw>
<status status="PASS" starttime="20230223 19:11:37.271" endtime="20230223 19:11:43.041"/>
</iter>
<iter>
<var name="${row}">{'Order number': '2', 'Head': '4', 'Body': '1', 'Legs': '5', 'Address': 'Address 456'}</var>
<kw name="Log" library="BuiltIn">
<arg>${row}</arg>
<doc>Logs the given message with the given level.</doc>
<msg timestamp="20230223 19:11:43.045" level="INFO">{'Order number': '2', 'Head': '4', 'Body': '1', 'Legs': '5', 'Address': 'Address 456'}</msg>
<status status="PASS" starttime="20230223 19:11:43.044" endtime="20230223 19:11:43.046"/>
</kw>
<kw name="Close the annoying modal">
<kw name="Wait And Click Button" library="RPA.Browser.Selenium">
<arg>xpath://html/body/div/div/div[2]/div/div/div/div/div/button[1]</arg>
<doc>Click button identified by ``locator``, once it becomes visible.</doc>
<msg timestamp="20230223 19:11:43.074" level="INFO">Clicking button 'xpath://html/body/div/div/div[2]/div/div/div/div/div/button[1]'.</msg>
<status status="PASS" starttime="20230223 19:11:43.051" endtime="20230223 19:11:43.138"/>
</kw>
<status status="PASS" starttime="20230223 19:11:43.048" endtime="20230223 19:11:43.142"/>
</kw>
<kw name="Fill the form">
<arg>${row}</arg>
<kw name="Wait Until Element Is Visible" library="RPA.Browser.Selenium">
<arg>//*[@id="head"]</arg>
<doc>Waits until the element ``locator`` is visible.</doc>
<status status="PASS" starttime="20230223 19:11:43.151" endtime="20230223 19:11:43.170"/>
</kw>
<kw name="Wait Until Element Is Enabled" library="RPA.Browser.Selenium">
<arg>//*[@id="head"]</arg>
<doc>Waits until the element ``locator`` is enabled.</doc>
<status status="PASS" starttime="20230223 19:11:43.172" endtime="20230223 19:11:43.198"/>
</kw>
<kw name="Select From List By Value" library="RPA.Browser.Selenium">
<arg>//*[@id="head"]</arg>
<arg>${orders_detail}[Head]</arg>
<doc>Selects options from selection list ``locator`` by ``values``.</doc>
<msg timestamp="20230223 19:11:43.201" level="INFO">Selecting options from selection list '//*[@id="head"]' by value 4.</msg>
<status status="PASS" starttime="20230223 19:11:43.199" endtime="20230223 19:11:43.269"/>
</kw>
<kw name="Wait Until Element Is Enabled" library="RPA.Browser.Selenium">
<arg>body</arg>
<doc>Waits until the element ``locator`` is enabled.</doc>
<status status="PASS" starttime="20230223 19:11:43.270" endtime="20230223 19:11:43.300"/>
</kw>
<kw name="Select Radio Button" library="RPA.Browser.Selenium">
<arg>body</arg>
<arg>${orders_detail}[Body]</arg>
<doc>Sets the radio button group ``group_name`` to ``value``.</doc>
<msg timestamp="20230223 19:11:43.302" level="INFO">Selecting '1' from radio button 'body'.</msg>
<status status="PASS" starttime="20230223 19:11:43.301" endtime="20230223 19:11:43.364"/>
</kw>
<kw name="Wait Until Element Is Enabled" library="RPA.Browser.Selenium">
<arg>xpath://html/body/div/div/div[1]/div/div[1]/form/div[3]/input</arg>
<doc>Waits until the element ``locator`` is enabled.</doc>
<status status="PASS" starttime="20230223 19:11:43.365" endtime="20230223 19:11:43.395"/>
</kw>
<kw name="Input Text" library="RPA.Browser.Selenium">
<arg>xpath://html/body/div/div/div[1]/div/div[1]/form/div[3]/input</arg>
<arg>${orders_detail}[Legs]</arg>
<doc>Types the given ``text`` into the text field identified by ``locator``.</doc>
<msg timestamp="20230223 19:11:43.399" level="INFO">Typing text '5' into text field 'xpath://html/body/div/div/div[1]/div/div[1]/form/div[3]/input'.</msg>
<status status="PASS" starttime="20230223 19:11:43.397" endtime="20230223 19:11:43.471"/>
</kw>
<kw name="Wait Until Element Is Enabled" library="RPA.Browser.Selenium">
<arg>//*[@id="address"]</arg>
<doc>Waits until the element ``locator`` is enabled.</doc>
<status status="PASS" starttime="20230223 19:11:43.472" endtime="20230223 19:11:43.501"/>
</kw>
<kw name="Input Text" library="RPA.Browser.Selenium">
<arg>//*[@id="address"]</arg>
<arg>${orders_detail}[Address]</arg>
<doc>Types the given ``text`` into the text field identified by ``locator``.</doc>
<msg timestamp="20230223 19:11:43.504" level="INFO">Typing text 'Address 456' into text field '//*[@id="address"]'.</msg>
<status status="PASS" starttime="20230223 19:11:43.502" endtime="20230223 19:11:43.603"/>
</kw>
<status status="PASS" starttime="20230223 19:11:43.145" endtime="20230223 19:11:43.604"/>
</kw>
<kw name="Wait Until Keyword Succeeds" library="BuiltIn">
<arg>10x</arg>
<arg>2s</arg>
<arg>Preview the robot</arg>
<doc>Runs the specified keyword and retries if it fails.</doc>
<kw name="Preview the robot">
<kw name="Click Button" library="RPA.Browser.Selenium">
<arg>//*[@id="preview"]</arg>
<doc>Clicks the button identified by ``locator``.</doc>
<msg timestamp="20230223 19:11:43.609" level="INFO">Clicking button '//*[@id="preview"]'.</msg>
<status status="PASS" starttime="20230223 19:11:43.608" endtime="20230223 19:11:43.666"/>
</kw>
<kw name="Wait Until Element Is Visible" library="RPA.Browser.Selenium">
<arg>//*[@id="robot-preview-image"]</arg>
<doc>Waits until the element ``locator`` is visible.</doc>
<status status="PASS" starttime="20230223 19:11:43.667" endtime="20230223 19:11:43.684"/>
</kw>
<status status="PASS" starttime="20230223 19:11:43.606" endtime="20230223 19:11:43.686"/>
</kw>
<status status="PASS" starttime="20230223 19:11:43.605" endtime="20230223 19:11:43.686"/>
</kw>
<kw name="Wait Until Keyword Succeeds" library="BuiltIn">
<arg>10x</arg>
<arg>2s</arg>
<arg>Submit The Order</arg>
<doc>Runs the specified keyword and retries if it fails.</doc>
<kw name="Submit the order">
<kw name="Mute Run On Failure" library="RPA.RobotLogListener">
<arg>Page Should Contain Element</arg>
<doc>Set keywords which should not execute `SeleniumLibrary`
default behaviour of running keyword on failure.</doc>
<kw name="Get Library Instance" library="BuiltIn">
<arg>RPA.Browser</arg>
<doc>Returns the currently active instance of the specified library.</doc>
<msg timestamp="20230223 19:11:43.693" level="FAIL">No library 'RPA.Browser' found.</msg>
<status status="FAIL" starttime="20230223 19:11:43.691" endtime="20230223 19:11:43.694"/>
</kw>
<kw name="Get Library Instance" library="BuiltIn">
<arg>RPA.Browser.Selenium</arg>
<doc>Returns the currently active instance of the specified library.</doc>
<status status="PASS" starttime="20230223 19:11:43.697" endtime="20230223 19:11:43.700"/>
</kw>
<status status="PASS" starttime="20230223 19:11:43.690" endtime="20230223 19:11:43.701"/>
</kw>
<kw name="Click Button" library="RPA.Browser.Selenium">
<arg>//*[@id="order"]</arg>
<doc>Clicks the button identified by ``locator``.</doc>
<msg timestamp="20230223 19:11:43.705" level="INFO">Clicking button '//*[@id="order"]'.</msg>
<status status="PASS" starttime="20230223 19:11:43.703" endtime="20230223 19:11:43.776"/>
</kw>
<kw name="Page Should Contain Element" library="RPA.Browser.Selenium">
<arg>//*[@id="receipt"]</arg>
<doc>Verifies that element ``locator`` is found on the current page.</doc>
<msg timestamp="20230223 19:11:43.778" level="INFO">No keyword will be run on failure.</msg>
<msg timestamp="20230223 19:11:43.778" level="INFO">No keyword will be run on failure.</msg>
<msg timestamp="20230223 19:11:43.803" level="FAIL">Page should have contained element '//*[@id="receipt"]' but did not.</msg>
<status status="FAIL" starttime="20230223 19:11:43.777" endtime="20230223 19:11:43.809"/>
</kw>
<status status="FAIL" starttime="20230223 19:11:43.688" endtime="20230223 19:11:43.815"/>
</kw>
<kw name="Submit the order">
<kw name="Mute Run On Failure" library="RPA.RobotLogListener">
<arg>Page Should Contain Element</arg>
<doc>Set keywords which should not execute `SeleniumLibrary`
default behaviour of running keyword on failure.</doc>
<kw name="Get Library Instance" library="BuiltIn">
<arg>RPA.Browser</arg>
<doc>Returns the currently active instance of the specified library.</doc>
<msg timestamp="20230223 19:11:45.845" level="FAIL">No library 'RPA.Browser' found.</msg>
<status status="FAIL" starttime="20230223 19:11:45.840" endtime="20230223 19:11:45.848"/>
</kw>
<kw name="Get Library Instance" library="BuiltIn">
<arg>RPA.Browser.Selenium</arg>
<doc>Returns the currently active instance of the specified library.</doc>
<status status="PASS" starttime="20230223 19:11:45.852" endtime="20230223 19:11:45.854"/>
</kw>
<status status="PASS" starttime="20230223 19:11:45.836" endtime="20230223 19:11:45.856"/>
</kw>
<kw name="Click Button" library="RPA.Browser.Selenium">
<arg>//*[@id="order"]</arg>
<doc>Clicks the button identified by ``locator``.</doc>
<msg timestamp="20230223 19:11:45.861" level="INFO">Clicking button '//*[@id="order"]'.</msg>
<status status="PASS" starttime="20230223 19:11:45.858" endtime="20230223 19:11:45.952"/>
</kw>
<kw name="Page Should Contain Element" library="RPA.Browser.Selenium">
<arg>//*[@id="receipt"]</arg>
<doc>Verifies that element ``locator`` is found on the current page.</doc>
<msg timestamp="20230223 19:11:45.956" level="INFO">No keyword will be run on failure.</msg>
<msg timestamp="20230223 19:11:45.956" level="INFO">No keyword will be run on failure.</msg>
<msg timestamp="20230223 19:11:45.956" level="INFO">No keyword will be run on failure.</msg>
<msg timestamp="20230223 19:11:45.969" level="INFO">Current page contains element '//*[@id="receipt"]'.</msg>
<status status="PASS" starttime="20230223 19:11:45.954" endtime="20230223 19:11:45.970"/>
</kw>
<status status="PASS" starttime="20230223 19:11:45.831" endtime="20230223 19:11:45.972"/>
</kw>
<status status="PASS" starttime="20230223 19:11:43.687" endtime="20230223 19:11:45.973"/>
</kw>
<kw name="Take a screenshot of the robot">
<var>${orderid}</var>
<var>${screenshot}</var>
<kw name="Wait Until Element Is Visible" library="RPA.Browser.Selenium">
<arg>//*[@id="robot-preview-image"]</arg>
<doc>Waits until the element ``locator`` is visible.</doc>
<status status="PASS" starttime="20230223 19:11:45.976" endtime="20230223 19:11:45.997"/>
</kw>
<kw name="Wait Until Element Is Visible" library="RPA.Browser.Selenium">
<arg>//*[@id="receipt"]</arg>
<doc>Waits until the element ``locator`` is visible.</doc>
<status status="PASS" starttime="20230223 19:11:45.999" endtime="20230223 19:11:46.031"/>
</kw>
<kw name="Get Text" library="RPA.Browser.Selenium">
<var>${orderid}</var>
<arg>//*[@id="receipt"]/p[1]</arg>
<doc>Returns the text value of the element identified by ``locator``.</doc>
<msg timestamp="20230223 19:11:46.066" level="INFO">${orderid} = RSB-ROBO-ORDER-KC226HN77K</msg>
<status status="PASS" starttime="20230223 19:11:46.032" endtime="20230223 19:11:46.067"/>
</kw>
<kw name="Sleep" library="BuiltIn">
<arg>2sec</arg>
<doc>Pauses the test executed for the given time.</doc>
<msg timestamp="20230223 19:11:48.078" level="INFO">Slept 2 seconds</msg>
<status status="PASS" starttime="20230223 19:11:46.068" endtime="20230223 19:11:48.080"/>
</kw>
<kw name="Capture Element Screenshot" library="RPA.Browser.Selenium">
<arg>//*[@id="robot-preview-image"]</arg>
<arg>${image_files}${/}${orderid}.png</arg>
<doc>Captures a screenshot from the element identified by ``locator`` and embeds it into log file.</doc>
<msg timestamp="20230223 19:11:48.225" level="INFO" html="true">&lt;/td&gt;&lt;/tr&gt;&lt;tr&gt;&lt;td colspan="3"&gt;&lt;a href="image_files/RSB-ROBO-ORDER-KC226HN77K.png"&gt;&lt;img src="image_files/RSB-ROBO-ORDER-KC226HN77K.png" width="400px"&gt;&lt;/a&gt;</msg>
<status status="PASS" starttime="20230223 19:11:48.082" endtime="20230223 19:11:48.226"/>
</kw>
<kw name="Log" library="BuiltIn">
<arg>OrderID:${orderid}</arg>
<doc>Logs the given message with the given level.</doc>
<msg timestamp="20230223 19:11:48.228" level="INFO">OrderID:RSB-ROBO-ORDER-KC226HN77K</msg>
<status status="PASS" starttime="20230223 19:11:48.227" endtime="20230223 19:11:48.229"/>
</kw>
<kw name="Log" library="BuiltIn">
<arg>Path:${image_files}${/}${orderid}.png</arg>
<doc>Logs the given message with the given level.</doc>
<msg timestamp="20230223 19:11:48.232" level="INFO">Path:C:\Users\arnab\Desktop\ROBOCORP\my-certII-robot\image_files\RSB-ROBO-ORDER-KC226HN77K.png</msg>
<status status="PASS" starttime="20230223 19:11:48.230" endtime="20230223 19:11:48.233"/>
</kw>
<msg timestamp="20230223 19:11:48.234" level="INFO">${orderid} = RSB-ROBO-ORDER-KC226HN77K</msg>
<msg timestamp="20230223 19:11:48.235" level="INFO">${screenshot} = C:\Users\arnab\Desktop\ROBOCORP\my-certII-robot\image_files\RSB-ROBO-ORDER-KC226HN77K.png</msg>
<status status="PASS" starttime="20230223 19:11:45.974" endtime="20230223 19:11:48.236"/>
</kw>
<kw name="Store the receipt as a PDF file">
<var>${pdf}</var>
<arg>${orderid}</arg>
<kw name="Get Element Attribute" library="RPA.Browser.Selenium">
<var>${receipt_html}</var>
<arg>//*[@id="receipt"]</arg>
<arg>outerHTML</arg>
<doc>Returns the value of ``attribute`` from the element ``locator``.</doc>
<msg timestamp="20230223 19:11:48.263" level="INFO">${receipt_html} = &lt;div id="receipt" class="alert alert-success" role="alert"&gt;&lt;h3&gt;Receipt&lt;/h3&gt;&lt;div&gt;2023-02-23T13:41:45.944Z&lt;/div&gt;&lt;p class="badge badge-success"&gt;RSB-ROBO-ORDER-KC226HN77K&lt;/p&gt;&lt;p&gt;Address 456&lt;/p&gt;&lt;div id="par...</msg>
<status status="PASS" starttime="20230223 19:11:48.240" endtime="20230223 19:11:48.264"/>
</kw>
<kw name="Html To Pdf" library="RPA.PDF">
<arg>${receipt_html}</arg>
<arg>${pdf_files}${/}${orderid}.pdf</arg>
<doc>Generate a PDF file from HTML content.</doc>
<msg timestamp="20230223 19:11:48.268" level="INFO">Writing output to file C:\Users\arnab\Desktop\ROBOCORP\my-certII-robot\pdf_files\RSB-ROBO-ORDER-KC226HN77K.pdf</msg>
<msg timestamp="20230223 19:11:48.571" level="INFO">maxp pruned</msg>
<msg timestamp="20230223 19:11:48.572" level="INFO">cmap pruned</msg>
<msg timestamp="20230223 19:11:48.572" level="INFO">post pruned</msg>
<msg timestamp="20230223 19:11:48.573" level="INFO">GDEF dropped</msg>
<msg timestamp="20230223 19:11:48.573" level="INFO">GPOS dropped</msg>
<msg timestamp="20230223 19:11:48.573" level="INFO">GSUB dropped</msg>
<msg timestamp="20230223 19:11:48.575" level="INFO">name pruned</msg>
<msg timestamp="20230223 19:11:48.587" level="INFO">glyf pruned</msg>
<msg timestamp="20230223 19:11:48.590" level="INFO">Added gid0 to subset</msg>
<msg timestamp="20230223 19:11:48.592" level="INFO">Added first four glyphs to subset</msg>
<msg timestamp="20230223 19:11:48.594" level="INFO">Closing glyph list over 'glyf': 58 glyphs before</msg>
<msg timestamp="20230223 19:11:48.595" level="INFO">Glyph names: ['.notdef', '.null', 'uni0020', 'uni0021', 'uni002D', 'uni002E', 'uni0030', 'uni0031', 'uni0032', 'uni0033', 'uni0034', 'uni0035', 'uni0036', 'uni0037', 'uni0038', 'uni0039', 'uni003A', 'uni0041', 'uni0042', 'uni0043', 'uni0044', 'uni0045', 'uni0048', 'uni004B', 'uni004C', 'uni004E', 'uni004F', 'uni0052', 'uni0053', 'uni0054', 'uni0057', 'uni0059', 'uni005A', 'uni0061', 'uni0062', 'uni0063', 'uni0064', 'uni0065', 'uni0066', 'uni0067', 'uni0068', 'uni0069', 'uni006B', 'uni006C', 'uni006D', 'uni006E', 'uni006F', 'uni0070', 'uni0072', 'uni0073', 'uni0074', 'uni0075', 'uni0076', 'uni0077', 'uni0079', 'uni007B', 'uni007D', 'uni00C4']</msg>
<msg timestamp="20230223 19:11:48.599" level="INFO">Glyph IDs:   [0, 1, 2, 3, 65, 73, 84, 95, 161, 270, 280, 299, 320, 382, 395, 409, 456, 469, 493, 504, 575, 582, 594, 612, 645, 650, 660, 679, 715, 723, 752, 759, 775, 827, 837, 867, 884, 899, 932, 936, 950, 1294, 1295, 1296, 1298, 1299, 1300, 1302, 1303, 1304, 1305, 1329, 1345, 1346, 1361, 1404, 1407, 1681]</msg>
<msg timestamp="20230223 19:11:48.601" level="INFO">Closed glyph list over 'glyf': 58 glyphs after</msg>
<msg timestamp="20230223 19:11:48.602" level="INFO">Glyph names: ['.notdef', '.null', 'uni0020', 'uni0021', 'uni002D', 'uni002E', 'uni0030', 'uni0031', 'uni0032', 'uni0033', 'uni0034', 'uni0035', 'uni0036', 'uni0037', 'uni0038', 'uni0039', 'uni003A', 'uni0041', 'uni0042', 'uni0043', 'uni0044', 'uni0045', 'uni0048', 'uni004B', 'uni004C', 'uni004E', 'uni004F', 'uni0052', 'uni0053', 'uni0054', 'uni0057', 'uni0059', 'uni005A', 'uni0061', 'uni0062', 'uni0063', 'uni0064', 'uni0065', 'uni0066', 'uni0067', 'uni0068', 'uni0069', 'uni006B', 'uni006C', 'uni006D', 'uni006E', 'uni006F', 'uni0070', 'uni0072', 'uni0073', 'uni0074', 'uni0075', 'uni0076', 'uni0077', 'uni0079', 'uni007B', 'uni007D', 'uni00C4']</msg>
<msg timestamp="20230223 19:11:48.603" level="INFO">Glyph IDs:   [0, 1, 2, 3, 65, 73, 84, 95, 161, 270, 280, 299, 320, 382, 395, 409, 456, 469, 493, 504, 575, 582, 594, 612, 645, 650, 660, 679, 715, 723, 752, 759, 775, 827, 837, 867, 884, 899, 932, 936, 950, 1294, 1295, 1296, 1298, 1299, 1300, 1302, 1303, 1304, 1305, 1329, 1345, 1346, 1361, 1404, 1407, 1681]</msg>
<msg timestamp="20230223 19:11:48.604" level="INFO">Retaining 58 glyphs</msg>
<msg timestamp="20230223 19:11:48.605" level="INFO">head subsetting not needed</msg>
<msg timestamp="20230223 19:11:48.606" level="INFO">hhea subsetting not needed</msg>
<msg timestamp="20230223 19:11:48.606" level="INFO">maxp subsetting not needed</msg>
<msg timestamp="20230223 19:11:48.606" level="INFO">OS/2 subsetting not needed</msg>
<msg timestamp="20230223 19:11:48.609" level="INFO">hmtx subsetted</msg>
<msg timestamp="20230223 19:11:48.611" level="INFO">cmap subsetted</msg>
<msg timestamp="20230223 19:11:48.612" level="INFO">prep subsetting not needed</msg>
<msg timestamp="20230223 19:11:48.612" level="INFO">loca subsetting not needed</msg>
<msg timestamp="20230223 19:11:48.613" level="INFO">post subsetted</msg>
<msg timestamp="20230223 19:11:48.613" level="INFO">gasp subsetting not needed</msg>
<msg timestamp="20230223 19:11:48.613" level="INFO">STAT subsetting not needed</msg>
<msg timestamp="20230223 19:11:48.614" level="INFO">name subsetting not needed</msg>
<msg timestamp="20230223 19:11:48.616" level="INFO">glyf subsetted</msg>
<msg timestamp="20230223 19:11:48.617" level="INFO">head pruned</msg>
<msg timestamp="20230223 19:11:48.618" level="INFO">OS/2 Unicode ranges pruned: [0]</msg>
<msg timestamp="20230223 19:11:48.621" level="INFO">glyf pruned</msg>
<msg timestamp="20230223 19:11:48.705" level="INFO">maxp pruned</msg>
<msg timestamp="20230223 19:11:48.706" level="INFO">cmap pruned</msg>
<msg timestamp="20230223 19:11:48.707" level="INFO">post pruned</msg>
<msg timestamp="20230223 19:11:48.707" level="INFO">GDEF dropped</msg>
<msg timestamp="20230223 19:11:48.707" level="INFO">GPOS dropped</msg>
<msg timestamp="20230223 19:11:48.708" level="INFO">GSUB dropped</msg>
<msg timestamp="20230223 19:11:48.709" level="INFO">name pruned</msg>
<msg timestamp="20230223 19:11:48.721" level="INFO">glyf pruned</msg>
<msg timestamp="20230223 19:11:48.722" level="INFO">Added gid0 to subset</msg>
<msg timestamp="20230223 19:11:48.722" level="INFO">Added first four glyphs to subset</msg>
<msg timestamp="20230223 19:11:48.722" level="INFO">Closing glyph list over 'glyf': 19 glyphs before</msg>
<msg timestamp="20230223 19:11:48.723" level="INFO">Glyph names: ['.notdef', '.null', 'uni0020', 'uni0030', 'uni0031', 'uni0032', 'uni0033', 'uni0034', 'uni0035', 'uni0036', 'uni0037', 'uni0038', 'uni0039', 'uni0041', 'uni0062', 'uni006E', 'uni007B', 'uni007D', 'uni00C4']</msg>
<msg timestamp="20230223 19:11:48.724" level="INFO">Glyph IDs:   [0, 1, 2, 3, 575, 759, 1294, 1295, 1296, 1298, 1299, 1300, 1302, 1303, 1304, 1305, 1345, 1346, 1681]</msg>
<msg timestamp="20230223 19:11:48.724" level="INFO">Closed glyph list over 'glyf': 19 glyphs after</msg>
<msg timestamp="20230223 19:11:48.725" level="INFO">Glyph names: ['.notdef', '.null', 'uni0020', 'uni0030', 'uni0031', 'uni0032', 'uni0033', 'uni0034', 'uni0035', 'uni0036', 'uni0037', 'uni0038', 'uni0039', 'uni0041', 'uni0062', 'uni006E', 'uni007B', 'uni007D', 'uni00C4']</msg>
<msg timestamp="20230223 19:11:48.726" level="INFO">Glyph IDs:   [0, 1, 2, 3, 575, 759, 1294, 1295, 1296, 1298, 1299, 1300, 1302, 1303, 1304, 1305, 1345, 1346, 1681]</msg>
<msg timestamp="20230223 19:11:48.727" level="INFO">Retaining 19 glyphs</msg>
<msg timestamp="20230223 19:11:48.728" level="INFO">head subsetting not needed</msg>
<msg timestamp="20230223 19:11:48.728" level="INFO">hhea subsetting not needed</msg>
<msg timestamp="20230223 19:11:48.729" level="INFO">maxp subsetting not needed</msg>
<msg timestamp="20230223 19:11:48.729" level="INFO">OS/2 subsetting not needed</msg>
<msg timestamp="20230223 19:11:48.732" level="INFO">hmtx subsetted</msg>
<msg timestamp="20230223 19:11:48.734" level="INFO">cmap subsetted</msg>
<msg timestamp="20230223 19:11:48.734" level="INFO">prep subsetting not needed</msg>
<msg timestamp="20230223 19:11:48.734" level="INFO">loca subsetting not needed</msg>
<msg timestamp="20230223 19:11:48.735" level="INFO">post subsetted</msg>
<msg timestamp="20230223 19:11:48.735" level="INFO">gasp subsetting not needed</msg>
<msg timestamp="20230223 19:11:48.736" level="INFO">STAT subsetting not needed</msg>
<msg timestamp="20230223 19:11:48.736" level="INFO">name subsetting not needed</msg>
<msg timestamp="20230223 19:11:48.738" level="INFO">glyf subsetted</msg>
<msg timestamp="20230223 19:11:48.739" level="INFO">head pruned</msg>
<msg timestamp="20230223 19:11:48.739" level="INFO">OS/2 Unicode ranges pruned: [0]</msg>
<msg timestamp="20230223 19:11:48.741" level="INFO">glyf pruned</msg>
<msg timestamp="20230223 19:11:48.793" level="INFO">maxp pruned</msg>
<msg timestamp="20230223 19:11:48.795" level="INFO">cmap pruned</msg>
<msg timestamp="20230223 19:11:48.796" level="INFO">post pruned</msg>
<msg timestamp="20230223 19:11:48.796" level="INFO">GDEF dropped</msg>
<msg timestamp="20230223 19:11:48.796" level="INFO">GPOS dropped</msg>
<msg timestamp="20230223 19:11:48.797" level="INFO">GSUB dropped</msg>
<msg timestamp="20230223 19:11:48.797" level="INFO">name pruned</msg>
<msg timestamp="20230223 19:11:48.808" level="INFO">glyf pruned</msg>
<msg timestamp="20230223 19:11:48.813" level="INFO">Added gid0 to subset</msg>
<msg timestamp="20230223 19:11:48.814" level="INFO">Added first four glyphs to subset</msg>
<msg timestamp="20230223 19:11:48.814" level="INFO">Closing glyph list over 'glyf': 18 glyphs before</msg>
<msg timestamp="20230223 19:11:48.814" level="INFO">Glyph names: ['.notdef', '.null', 'uni0020', 'uni0030', 'uni0031', 'uni0032', 'uni0033', 'uni0034', 'uni0035', 'uni0036', 'uni0037', 'uni0038', 'uni0039', 'uni0062', 'uni006E', 'uni007B', 'uni007D', 'uni00A0']</msg>
<msg timestamp="20230223 19:11:48.816" level="INFO">Glyph IDs:   [0, 1, 2, 3, 544, 727, 1256, 1257, 1258, 1260, 1261, 1262, 1264, 1265, 1266, 1267, 1307, 1308]</msg>
<msg timestamp="20230223 19:11:48.816" level="INFO">Closed glyph list over 'glyf': 18 glyphs after</msg>
<msg timestamp="20230223 19:11:48.817" level="INFO">Glyph names: ['.notdef', '.null', 'uni0020', 'uni0030', 'uni0031', 'uni0032', 'uni0033', 'uni0034', 'uni0035', 'uni0036', 'uni0037', 'uni0038', 'uni0039', 'uni0062', 'uni006E', 'uni007B', 'uni007D', 'uni00A0']</msg>
<msg timestamp="20230223 19:11:48.818" level="INFO">Glyph IDs:   [0, 1, 2, 3, 544, 727, 1256, 1257, 1258, 1260, 1261, 1262, 1264, 1265, 1266, 1267, 1307, 1308]</msg>
<msg timestamp="20230223 19:11:48.819" level="INFO">Retaining 18 glyphs</msg>
<msg timestamp="20230223 19:11:48.820" level="INFO">head subsetting not needed</msg>
<msg timestamp="20230223 19:11:48.820" level="INFO">hhea subsetting not needed</msg>
<msg timestamp="20230223 19:11:48.821" level="INFO">maxp subsetting not needed</msg>
<msg timestamp="20230223 19:11:48.821" level="INFO">OS/2 subsetting not needed</msg>
<msg timestamp="20230223 19:11:48.824" level="INFO">hmtx subsetted</msg>
<msg timestamp="20230223 19:11:48.826" level="INFO">cmap subsetted</msg>
<msg timestamp="20230223 19:11:48.826" level="INFO">loca subsetting not needed</msg>
<msg timestamp="20230223 19:11:48.827" level="INFO">post subsetted</msg>
<msg timestamp="20230223 19:11:48.827" level="INFO">name subsetting not needed</msg>
<msg timestamp="20230223 19:11:48.828" level="INFO">glyf subsetted</msg>
<msg timestamp="20230223 19:11:48.829" level="INFO">head pruned</msg>
<msg timestamp="20230223 19:11:48.830" level="INFO">OS/2 Unicode ranges pruned: [0]</msg>
<msg timestamp="20230223 19:11:48.831" level="INFO">glyf pruned</msg>
<msg timestamp="20230223 19:11:48.875" level="INFO">maxp pruned</msg>
<msg timestamp="20230223 19:11:48.876" level="INFO">cmap pruned</msg>
<msg timestamp="20230223 19:11:48.876" level="INFO">post pruned</msg>
<msg timestamp="20230223 19:11:48.876" level="INFO">GDEF dropped</msg>
<msg timestamp="20230223 19:11:48.877" level="INFO">GPOS dropped</msg>
<msg timestamp="20230223 19:11:48.877" level="INFO">GSUB dropped</msg>
<msg timestamp="20230223 19:11:48.878" level="INFO">name pruned</msg>
<msg timestamp="20230223 19:11:48.895" level="INFO">glyf pruned</msg>
<msg timestamp="20230223 19:11:48.902" level="INFO">Added gid0 to subset</msg>
<msg timestamp="20230223 19:11:48.902" level="INFO">Added first four glyphs to subset</msg>
<msg timestamp="20230223 19:11:48.903" level="INFO">Closing glyph list over 'glyf': 18 glyphs before</msg>
<msg timestamp="20230223 19:11:48.903" level="INFO">Glyph names: ['.notdef', '.null', 'uni0020', 'uni0030', 'uni0031', 'uni0032', 'uni0033', 'uni0034', 'uni0035', 'uni0036', 'uni0037', 'uni0038', 'uni0039', 'uni0062', 'uni006E', 'uni007B', 'uni007D', 'uni00A0']</msg>
<msg timestamp="20230223 19:11:48.904" level="INFO">Glyph IDs:   [0, 1, 2, 3, 544, 727, 1256, 1257, 1258, 1260, 1261, 1262, 1264, 1265, 1266, 1267, 1307, 1308]</msg>
<msg timestamp="20230223 19:11:48.904" level="INFO">Closed glyph list over 'glyf': 18 glyphs after</msg>
<msg timestamp="20230223 19:11:48.905" level="INFO">Glyph names: ['.notdef', '.null', 'uni0020', 'uni0030', 'uni0031', 'uni0032', 'uni0033', 'uni0034', 'uni0035', 'uni0036', 'uni0037', 'uni0038', 'uni0039', 'uni0062', 'uni006E', 'uni007B', 'uni007D', 'uni00A0']</msg>
<msg timestamp="20230223 19:11:48.905" level="INFO">Glyph IDs:   [0, 1, 2, 3, 544, 727, 1256, 1257, 1258, 1260, 1261, 1262, 1264, 1265, 1266, 1267, 1307, 1308]</msg>
<msg timestamp="20230223 19:11:48.906" level="INFO">Retaining 18 glyphs</msg>
<msg timestamp="20230223 19:11:48.907" level="INFO">head subsetting not needed</msg>
<msg timestamp="20230223 19:11:48.907" level="INFO">hhea subsetting not needed</msg>
<msg timestamp="20230223 19:11:48.908" level="INFO">maxp subsetting not needed</msg>
<msg timestamp="20230223 19:11:48.908" level="INFO">OS/2 subsetting not needed</msg>
<msg timestamp="20230223 19:11:48.910" level="INFO">hmtx subsetted</msg>
<msg timestamp="20230223 19:11:48.912" level="INFO">cmap subsetted</msg>
<msg timestamp="20230223 19:11:48.912" level="INFO">loca subsetting not needed</msg>
<msg timestamp="20230223 19:11:48.913" level="INFO">post subsetted</msg>
<msg timestamp="20230223 19:11:48.913" level="INFO">name subsetting not needed</msg>
<msg timestamp="20230223 19:11:48.914" level="INFO">glyf subsetted</msg>
<msg timestamp="20230223 19:11:48.916" level="INFO">head pruned</msg>
<msg timestamp="20230223 19:11:48.917" level="INFO">OS/2 Unicode ranges pruned: [0]</msg>
<msg timestamp="20230223 19:11:48.919" level="INFO">glyf pruned</msg>
<status status="PASS" starttime="20230223 19:11:48.265" endtime="20230223 19:11:48.958"/>
</kw>
<kw name="Open Pdf" library="RPA.PDF">
<arg>${pdf_files}${/}${orderid}.pdf</arg>
<doc>Open a PDF document for reading.</doc>
<status status="PASS" starttime="20230223 19:11:48.960" endtime="20230223 19:11:48.974"/>
</kw>
<kw name="Create List" library="BuiltIn">
<var>${file_List}</var>
<arg>${image_files}${/}${orderid}.png:x=10,y=10</arg>
<doc>Returns a list containing given items.</doc>
<msg timestamp="20230223 19:11:48.982" level="INFO">${file_List} = ['C:\\Users\\arnab\\Desktop\\ROBOCORP\\my-certII-robot\\image_files\\RSB-ROBO-ORDER-KC226HN77K.png:x=10,y=10']</msg>
<status status="PASS" starttime="20230223 19:11:48.976" endtime="20230223 19:11:48.982"/>
</kw>
<kw name="Add Files To Pdf" library="RPA.PDF">
<arg>${file_List}</arg>
<arg>${pdf_files}${/}${orderid}.pdf</arg>
<arg>${True}</arg>
<doc>Add images and/or pdfs to new PDF document</doc>
<msg timestamp="20230223 19:11:48.992" level="INFO">Adding page: 0</msg>
<msg timestamp="20230223 19:11:49.003" level="WARN">Object 7 0 found</msg>
<msg timestamp="20230223 19:11:49.023" level="WARN">Overwriting cache for 0 7</msg>
<msg timestamp="20230223 19:11:49.034" level="WARN">Object 14 0 found</msg>
<msg timestamp="20230223 19:11:49.037" level="WARN">Overwriting cache for 0 14</msg>
<msg timestamp="20230223 19:11:49.049" level="WARN">Object 21 0 found</msg>
<msg timestamp="20230223 19:11:49.052" level="WARN">Overwriting cache for 0 21</msg>
<msg timestamp="20230223 19:11:49.063" level="WARN">Object 28 0 found</msg>
<msg timestamp="20230223 19:11:49.065" level="WARN">Overwriting cache for 0 28</msg>
<msg timestamp="20230223 19:11:49.075" level="INFO">File C:\Users\arnab\Desktop\ROBOCORP\my-certII-robot\image_files\RSB-ROBO-ORDER-KC226HN77K.png type: png</msg>
<msg timestamp="20230223 19:11:49.076" level="INFO">Image parameters: {'x': '10', 'y': '10'}</msg>
<status status="PASS" starttime="20230223 19:11:48.985" endtime="20230223 19:11:50.283"/>
</kw>
<kw name="Close Pdf" library="RPA.PDF">
<arg>${pdf_files}${/}${orderid}.pdf</arg>
<doc>Close PDF file descriptor for a certain file.</doc>
<msg timestamp="20230223 19:11:50.286" level="INFO">Closing PDF document: C:\Users\arnab\Desktop\ROBOCORP\my-certII-robot\pdf_files\RSB-ROBO-ORDER-KC226HN77K.pdf</msg>
<status status="PASS" starttime="20230223 19:11:50.284" endtime="20230223 19:11:50.287"/>
</kw>
<msg timestamp="20230223 19:11:50.289" level="INFO">${pdf} = None</msg>
<status status="PASS" starttime="20230223 19:11:48.237" endtime="20230223 19:11:50.290"/>
</kw>
<kw name="Go to order another robot">
<kw name="Wait Until Element Is Enabled" library="RPA.Browser.Selenium">
<arg>//*[@id="order-another"]</arg>
<doc>Waits until the element ``locator`` is enabled.</doc>
<status status="PASS" starttime="20230223 19:11:50.293" endtime="20230223 19:11:50.320"/>
</kw>
<kw name="Click Button" library="RPA.Browser.Selenium">
<arg>//*[@id="order-another"]</arg>
<doc>Clicks the button identified by ``locator``.</doc>
<msg timestamp="20230223 19:11:50.323" level="INFO">Clicking button '//*[@id="order-another"]'.</msg>
<status status="PASS" starttime="20230223 19:11:50.321" endtime="20230223 19:11:50.649"/>
</kw>
<status status="PASS" starttime="20230223 19:11:50.291" endtime="20230223 19:11:50.651"/>
</kw>
<status status="PASS" starttime="20230223 19:11:43.042" endtime="20230223 19:11:50.652"/>
</iter>
<iter>
<var name="${row}">{'Order number': '3', 'Head': '6', 'Body': '2', 'Legs': '3', 'Address': 'Address 789'}</var>
<kw name="Log" library="BuiltIn">
<arg>${row}</arg>
<doc>Logs the given message with the given level.</doc>
<msg timestamp="20230223 19:11:50.662" level="INFO">{'Order number': '3', 'Head': '6', 'Body': '2', 'Legs': '3', 'Address': 'Address 789'}</msg>
<status status="PASS" starttime="20230223 19:11:50.658" endtime="20230223 19:11:50.663"/>
</kw>
<kw name="Close the annoying modal">
<kw name="Wait And Click Button" library="RPA.Browser.Selenium">
<arg>xpath://html/body/div/div/div[2]/div/div/div/div/div/button[1]</arg>
<doc>Click button identified by ``locator``, once it becomes visible.</doc>
<msg timestamp="20230223 19:11:50.693" level="INFO">Clicking button 'xpath://html/body/div/div/div[2]/div/div/div/div/div/button[1]'.</msg>
<status status="PASS" starttime="20230223 19:11:50.667" endtime="20230223 19:11:50.745"/>
</kw>
<status status="PASS" starttime="20230223 19:11:50.665" endtime="20230223 19:11:50.748"/>
</kw>
<kw name="Fill the form">
<arg>${row}</arg>
<kw name="Wait Until Element Is Visible" library="RPA.Browser.Selenium">
<arg>//*[@id="head"]</arg>
<doc>Waits until the element ``locator`` is visible.</doc>
<status status="PASS" starttime="20230223 19:11:50.754" endtime="20230223 19:11:50.777"/>
</kw>
<kw name="Wait Until Element Is Enabled" library="RPA.Browser.Selenium">
<arg>//*[@id="head"]</arg>
<doc>Waits until the element ``locator`` is enabled.</doc>
<status status="PASS" starttime="20230223 19:11:50.779" endtime="20230223 19:11:50.813"/>
</kw>
<kw name="Select From List By Value" library="RPA.Browser.Selenium">
<arg>//*[@id="head"]</arg>
<arg>${orders_detail}[Head]</arg>
<doc>Selects options from selection list ``locator`` by ``values``.</doc>
<msg timestamp="20230223 19:11:50.816" level="INFO">Selecting options from selection list '//*[@id="head"]' by value 6.</msg>
<status status="PASS" starttime="20230223 19:11:50.814" endtime="20230223 19:11:50.892"/>
</kw>
<kw name="Wait Until Element Is Enabled" library="RPA.Browser.Selenium">
<arg>body</arg>
<doc>Waits until the element ``locator`` is enabled.</doc>
<status status="PASS" starttime="20230223 19:11:50.894" endtime="20230223 19:11:50.921"/>
</kw>
<kw name="Select Radio Button" library="RPA.Browser.Selenium">
<arg>body</arg>
<arg>${orders_detail}[Body]</arg>
<doc>Sets the radio button group ``group_name`` to ``value``.</doc>
<msg timestamp="20230223 19:11:50.926" level="INFO">Selecting '2' from radio button 'body'.</msg>
<status status="PASS" starttime="20230223 19:11:50.923" endtime="20230223 19:11:50.976"/>
</kw>
<kw name="Wait Until Element Is Enabled" library="RPA.Browser.Selenium">
<arg>xpath://html/body/div/div/div[1]/div/div[1]/form/div[3]/input</arg>
<doc>Waits until the element ``locator`` is enabled.</doc>
<status status="PASS" starttime="20230223 19:11:50.977" endtime="20230223 19:11:51.005"/>
</kw>
<kw name="Input Text" library="RPA.Browser.Selenium">
<arg>xpath://html/body/div/div/div[1]/div/div[1]/form/div[3]/input</arg>
<arg>${orders_detail}[Legs]</arg>
<doc>Types the given ``text`` into the text field identified by ``locator``.</doc>
<msg timestamp="20230223 19:11:51.008" level="INFO">Typing text '3' into text field 'xpath://html/body/div/div/div[1]/div/div[1]/form/div[3]/input'.</msg>
<status status="PASS" starttime="20230223 19:11:51.006" endtime="20230223 19:11:51.071"/>
</kw>
<kw name="Wait Until Element Is Enabled" library="RPA.Browser.Selenium">
<arg>//*[@id="address"]</arg>
<doc>Waits until the element ``locator`` is enabled.</doc>
<status status="PASS" starttime="20230223 19:11:51.072" endtime="20230223 19:11:51.098"/>
</kw>
<kw name="Input Text" library="RPA.Browser.Selenium">
<arg>//*[@id="address"]</arg>
<arg>${orders_detail}[Address]</arg>
<doc>Types the given ``text`` into the text field identified by ``locator``.</doc>
<msg timestamp="20230223 19:11:51.103" level="INFO">Typing text 'Address 789' into text field '//*[@id="address"]'.</msg>
<status status="PASS" starttime="20230223 19:11:51.100" endtime="20230223 19:11:51.183"/>
</kw>
<status status="PASS" starttime="20230223 19:11:50.750" endtime="20230223 19:11:51.184"/>
</kw>
<kw name="Wait Until Keyword Succeeds" library="BuiltIn">
<arg>10x</arg>
<arg>2s</arg>
<arg>Preview the robot</arg>
<doc>Runs the specified keyword and retries if it fails.</doc>
<kw name="Preview the robot">
<kw name="Click Button" library="RPA.Browser.Selenium">
<arg>//*[@id="preview"]</arg>
<doc>Clicks the button identified by ``locator``.</doc>
<msg timestamp="20230223 19:11:51.190" level="INFO">Clicking button '//*[@id="preview"]'.</msg>
<status status="PASS" starttime="20230223 19:11:51.188" endtime="20230223 19:11:51.250"/>
</kw>
<kw name="Wait Until Element Is Visible" library="RPA.Browser.Selenium">
<arg>//*[@id="robot-preview-image"]</arg>
<doc>Waits until the element ``locator`` is visible.</doc>
<status status="PASS" starttime="20230223 19:11:51.252" endtime="20230223 19:11:51.272"/>
</kw>
<status status="PASS" starttime="20230223 19:11:51.187" endtime="20230223 19:11:51.273"/>
</kw>
<status status="PASS" starttime="20230223 19:11:51.185" endtime="20230223 19:11:51.274"/>
</kw>
<kw name="Wait Until Keyword Succeeds" library="BuiltIn">
<arg>10x</arg>
<arg>2s</arg>
<arg>Submit The Order</arg>
<doc>Runs the specified keyword and retries if it fails.</doc>
<kw name="Submit the order">
<kw name="Mute Run On Failure" library="RPA.RobotLogListener">
<arg>Page Should Contain Element</arg>
<doc>Set keywords which should not execute `SeleniumLibrary`
default behaviour of running keyword on failure.</doc>
<kw name="Get Library Instance" library="BuiltIn">
<arg>RPA.Browser</arg>
<doc>Returns the currently active instance of the specified library.</doc>
<msg timestamp="20230223 19:11:51.286" level="FAIL">No library 'RPA.Browser' found.</msg>
<status status="FAIL" starttime="20230223 19:11:51.283" endtime="20230223 19:11:51.287"/>
</kw>
<kw name="Get Library Instance" library="BuiltIn">
<arg>RPA.Browser.Selenium</arg>
<doc>Returns the currently active instance of the specified library.</doc>
<status status="PASS" starttime="20230223 19:11:51.288" endtime="20230223 19:11:51.290"/>
</kw>
<status status="PASS" starttime="20230223 19:11:51.279" endtime="20230223 19:11:51.291"/>
</kw>
<kw name="Click Button" library="RPA.Browser.Selenium">
<arg>//*[@id="order"]</arg>
<doc>Clicks the button identified by ``locator``.</doc>
<msg timestamp="20230223 19:11:51.293" level="INFO">Clicking button '//*[@id="order"]'.</msg>
<status status="PASS" starttime="20230223 19:11:51.292" endtime="20230223 19:11:51.357"/>
</kw>
<kw name="Page Should Contain Element" library="RPA.Browser.Selenium">
<arg>//*[@id="receipt"]</arg>
<doc>Verifies that element ``locator`` is found on the current page.</doc>
<msg timestamp="20230223 19:11:51.359" level="INFO">No keyword will be run on failure.</msg>
<msg timestamp="20230223 19:11:51.359" level="INFO">No keyword will be run on failure.</msg>
<msg timestamp="20230223 19:11:51.359" level="INFO">No keyword will be run on failure.</msg>
<msg timestamp="20230223 19:11:51.359" level="INFO">No keyword will be run on failure.</msg>
<msg timestamp="20230223 19:11:51.367" level="INFO">Current page contains element '//*[@id="receipt"]'.</msg>
<status status="PASS" starttime="20230223 19:11:51.358" endtime="20230223 19:11:51.368"/>
</kw>
<status status="PASS" starttime="20230223 19:11:51.277" endtime="20230223 19:11:51.370"/>
</kw>
<status status="PASS" starttime="20230223 19:11:51.275" endtime="20230223 19:11:51.371"/>
</kw>
<kw name="Take a screenshot of the robot">
<var>${orderid}</var>
<var>${screenshot}</var>
<kw name="Wait Until Element Is Visible" library="RPA.Browser.Selenium">
<arg>//*[@id="robot-preview-image"]</arg>
<doc>Waits until the element ``locator`` is visible.</doc>
<status status="PASS" starttime="20230223 19:11:51.375" endtime="20230223 19:11:51.394"/>
</kw>
<kw name="Wait Until Element Is Visible" library="RPA.Browser.Selenium">
<arg>//*[@id="receipt"]</arg>
<doc>Waits until the element ``locator`` is visible.</doc>
<status status="PASS" starttime="20230223 19:11:51.396" endtime="20230223 19:11:51.416"/>
</kw>
<kw name="Get Text" library="RPA.Browser.Selenium">
<var>${orderid}</var>
<arg>//*[@id="receipt"]/p[1]</arg>
<doc>Returns the text value of the element identified by ``locator``.</doc>
<msg timestamp="20230223 19:11:51.442" level="INFO">${orderid} = RSB-ROBO-ORDER-S9VSZKGBS6</msg>
<status status="PASS" starttime="20230223 19:11:51.417" endtime="20230223 19:11:51.443"/>
</kw>
<kw name="Sleep" library="BuiltIn">
<arg>2sec</arg>
<doc>Pauses the test executed for the given time.</doc>
<msg timestamp="20230223 19:11:53.451" level="INFO">Slept 2 seconds</msg>
<status status="PASS" starttime="20230223 19:11:51.446" endtime="20230223 19:11:53.452"/>
</kw>
<kw name="Capture Element Screenshot" library="RPA.Browser.Selenium">
<arg>//*[@id="robot-preview-image"]</arg>
<arg>${image_files}${/}${orderid}.png</arg>
<doc>Captures a screenshot from the element identified by ``locator`` and embeds it into log file.</doc>
<msg timestamp="20230223 19:11:53.563" level="INFO" html="true">&lt;/td&gt;&lt;/tr&gt;&lt;tr&gt;&lt;td colspan="3"&gt;&lt;a href="image_files/RSB-ROBO-ORDER-S9VSZKGBS6.png"&gt;&lt;img src="image_files/RSB-ROBO-ORDER-S9VSZKGBS6.png" width="400px"&gt;&lt;/a&gt;</msg>
<status status="PASS" starttime="20230223 19:11:53.453" endtime="20230223 19:11:53.564"/>
</kw>
<kw name="Log" library="BuiltIn">
<arg>OrderID:${orderid}</arg>
<doc>Logs the given message with the given level.</doc>
<msg timestamp="20230223 19:11:53.568" level="INFO">OrderID:RSB-ROBO-ORDER-S9VSZKGBS6</msg>
<status status="PASS" starttime="20230223 19:11:53.565" endtime="20230223 19:11:53.568"/>
</kw>
<kw name="Log" library="BuiltIn">
<arg>Path:${image_files}${/}${orderid}.png</arg>
<doc>Logs the given message with the given level.</doc>
<msg timestamp="20230223 19:11:53.571" level="INFO">Path:C:\Users\arnab\Desktop\ROBOCORP\my-certII-robot\image_files\RSB-ROBO-ORDER-S9VSZKGBS6.png</msg>
<status status="PASS" starttime="20230223 19:11:53.569" endtime="20230223 19:11:53.571"/>
</kw>
<msg timestamp="20230223 19:11:53.573" level="INFO">${orderid} = RSB-ROBO-ORDER-S9VSZKGBS6</msg>
<msg timestamp="20230223 19:11:53.573" level="INFO">${screenshot} = C:\Users\arnab\Desktop\ROBOCORP\my-certII-robot\image_files\RSB-ROBO-ORDER-S9VSZKGBS6.png</msg>
<status status="PASS" starttime="20230223 19:11:51.372" endtime="20230223 19:11:53.573"/>
</kw>
<kw name="Store the receipt as a PDF file">
<var>${pdf}</var>
<arg>${orderid}</arg>
<kw name="Get Element Attribute" library="RPA.Browser.Selenium">
<var>${receipt_html}</var>
<arg>//*[@id="receipt"]</arg>
<arg>outerHTML</arg>
<doc>Returns the value of ``attribute`` from the element ``locator``.</doc>
<msg timestamp="20230223 19:11:53.596" level="INFO">${receipt_html} = &lt;div id="receipt" class="alert alert-success" role="alert"&gt;&lt;h3&gt;Receipt&lt;/h3&gt;&lt;div&gt;2023-02-23T13:41:51.351Z&lt;/div&gt;&lt;p class="badge badge-success"&gt;RSB-ROBO-ORDER-S9VSZKGBS6&lt;/p&gt;&lt;p&gt;Address 789&lt;/p&gt;&lt;div id="par...</msg>
<status status="PASS" starttime="20230223 19:11:53.577" endtime="20230223 19:11:53.597"/>
</kw>
<kw name="Html To Pdf" library="RPA.PDF">
<arg>${receipt_html}</arg>
<arg>${pdf_files}${/}${orderid}.pdf</arg>
<doc>Generate a PDF file from HTML content.</doc>
<msg timestamp="20230223 19:11:53.603" level="INFO">Writing output to file C:\Users\arnab\Desktop\ROBOCORP\my-certII-robot\pdf_files\RSB-ROBO-ORDER-S9VSZKGBS6.pdf</msg>
<msg timestamp="20230223 19:11:54.041" level="INFO">maxp pruned</msg>
<msg timestamp="20230223 19:11:54.042" level="INFO">cmap pruned</msg>
<msg timestamp="20230223 19:11:54.043" level="INFO">post pruned</msg>
<msg timestamp="20230223 19:11:54.043" level="INFO">GDEF dropped</msg>
<msg timestamp="20230223 19:11:54.044" level="INFO">GPOS dropped</msg>
<msg timestamp="20230223 19:11:54.044" level="INFO">GSUB dropped</msg>
<msg timestamp="20230223 19:11:54.046" level="INFO">name pruned</msg>
<msg timestamp="20230223 19:11:54.057" level="INFO">glyf pruned</msg>
<msg timestamp="20230223 19:11:54.058" level="INFO">Added gid0 to subset</msg>
<msg timestamp="20230223 19:11:54.058" level="INFO">Added first four glyphs to subset</msg>
<msg timestamp="20230223 19:11:54.059" level="INFO">Closing glyph list over 'glyf': 58 glyphs before</msg>
<msg timestamp="20230223 19:11:54.059" level="INFO">Glyph names: ['.notdef', '.null', 'uni0020', 'uni0021', 'uni002D', 'uni002E', 'uni0030', 'uni0031', 'uni0032', 'uni0033', 'uni0034', 'uni0035', 'uni0036', 'uni0037', 'uni0038', 'uni0039', 'uni003A', 'uni0041', 'uni0042', 'uni0044', 'uni0045', 'uni0047', 'uni0048', 'uni004B', 'uni004C', 'uni004F', 'uni0052', 'uni0053', 'uni0054', 'uni0056', 'uni0057', 'uni0059', 'uni005A', 'uni0061', 'uni0062', 'uni0063', 'uni0064', 'uni0065', 'uni0066', 'uni0067', 'uni0068', 'uni0069', 'uni006B', 'uni006C', 'uni006D', 'uni006E', 'uni006F', 'uni0070', 'uni0072', 'uni0073', 'uni0074', 'uni0075', 'uni0076', 'uni0077', 'uni0079', 'uni007B', 'uni007D', 'uni00C4']</msg>
<msg timestamp="20230223 19:11:54.061" level="INFO">Glyph IDs:   [0, 1, 2, 3, 65, 84, 95, 141, 161, 270, 280, 320, 382, 395, 409, 453, 456, 469, 493, 504, 575, 582, 594, 612, 645, 650, 660, 679, 715, 723, 752, 759, 775, 827, 837, 867, 884, 899, 932, 936, 950, 1294, 1295, 1296, 1298, 1299, 1300, 1302, 1303, 1304, 1305, 1329, 1345, 1346, 1361, 1404, 1407, 1681]</msg>
<msg timestamp="20230223 19:11:54.061" level="INFO">Closed glyph list over 'glyf': 58 glyphs after</msg>
[...]
<arg>//*[@id="robot-preview-image"]</arg>
<arg>${image_files}${/}${orderid}.png</arg>
<doc>Captures a screenshot from the element identified by ``locator`` and embeds it into log file.</doc>
<msg timestamp="20230223 19:12:21.761" level="INFO" html="true">&lt;/td&gt;&lt;/tr&gt;&lt;tr&gt;&lt;td colspan="3"&gt;&lt;a href="image_files/RSB-ROBO-ORDER-AEXJXYH2X.png"&gt;&lt;img src="image_files/RSB-ROBO-ORDER-AEXJXYH2X.png" width="400px"&gt;&lt;/a&gt;</msg>
<status status="PASS" starttime="20230223 19:12:21.613" endtime="20230223 19:12:21.763"/>
</kw>
<kw name="Log" library="BuiltIn">
<arg>OrderID:${orderid}</arg>
<doc>Logs the given message with the given level.</doc>
<msg timestamp="20230223 19:12:21.766" level="INFO">OrderID:RSB-ROBO-ORDER-AEXJXYH2X</msg>
<status status="PASS" starttime="20230223 19:12:21.764" endtime="20230223 19:12:21.766"/>
</kw>
<kw name="Log" library="BuiltIn">
<arg>Path:${image_files}${/}${orderid}.png</arg>
<doc>Logs the given message with the given level.</doc>
<msg timestamp="20230223 19:12:21.768" level="INFO">Path:C:\Users\arnab\Desktop\ROBOCORP\my-certII-robot\image_files\RSB-ROBO-ORDER-AEXJXYH2X.png</msg>
<status status="PASS" starttime="20230223 19:12:21.767" endtime="20230223 19:12:21.769"/>
</kw>
<msg timestamp="20230223 19:12:21.770" level="INFO">${orderid} = RSB-ROBO-ORDER-AEXJXYH2X</msg>
<msg timestamp="20230223 19:12:21.771" level="INFO">${screenshot} = C:\Users\arnab\Desktop\ROBOCORP\my-certII-robot\image_files\RSB-ROBO-ORDER-AEXJXYH2X.png</msg>
<status status="PASS" starttime="20230223 19:12:19.509" endtime="20230223 19:12:21.771"/>
</kw>
<kw name="Store the receipt as a PDF file">
<var>${pdf}</var>
<arg>${orderid}</arg>
<kw name="Get Element Attribute" library="RPA.Browser.Selenium">
<var>${receipt_html}</var>
<arg>//*[@id="receipt"]</arg>
<arg>outerHTML</arg>
<doc>Returns the value of ``attribute`` from the element ``locator``.</doc>
<msg timestamp="20230223 19:12:21.826" level="INFO">${receipt_html} = &lt;div id="receipt" class="alert alert-success" role="alert"&gt;&lt;h3&gt;Receipt&lt;/h3&gt;&lt;div&gt;2023-02-23T13:42:19.482Z&lt;/div&gt;&lt;p class="badge badge-success"&gt;RSB-ROBO-ORDER-AEXJXYH2X&lt;/p&gt;&lt;p&gt;Address 5&lt;/p&gt;&lt;div id="parts"...</msg>
<status status="PASS" starttime="20230223 19:12:21.773" endtime="20230223 19:12:21.827"/>
</kw>
<kw name="Html To Pdf" library="RPA.PDF">
<arg>${receipt_html}</arg>
<arg>${pdf_files}${/}${orderid}.pdf</arg>
<doc>Generate a PDF file from HTML content.</doc>
<msg timestamp="20230223 19:12:21.834" level="INFO">Writing output to file C:\Users\arnab\Desktop\ROBOCORP\my-certII-robot\pdf_files\RSB-ROBO-ORDER-AEXJXYH2X.pdf</msg>
<msg timestamp="20230223 19:12:22.146" level="INFO">maxp pruned</msg>
<msg timestamp="20230223 19:12:22.147" level="INFO">cmap pruned</msg>
<msg timestamp="20230223 19:12:22.148" level="INFO">post pruned</msg>
<msg timestamp="20230223 19:12:22.148" level="INFO">GDEF dropped</msg>
<msg timestamp="20230223 19:12:22.148" level="INFO">GPOS dropped</msg>
<msg timestamp="20230223 19:12:22.149" level="INFO">GSUB dropped</msg>
<msg timestamp="20230223 19:12:22.150" level="INFO">name pruned</msg>
<msg timestamp="20230223 19:12:22.159" level="INFO">glyf pruned</msg>
<msg timestamp="20230223 19:12:22.160" level="INFO">Added gid0 to subset</msg>
<msg timestamp="20230223 19:12:22.162" level="INFO">Added first four glyphs to subset</msg>
<msg timestamp="20230223 19:12:22.162" level="INFO">Closing glyph list over 'glyf': 57 glyphs before</msg>
<msg timestamp="20230223 19:12:22.163" level="INFO">Glyph names: ['.notdef', '.null', 'uni0020', 'uni0021', 'uni002D', 'uni002E', 'uni0030', 'uni0031', 'uni0032', 'uni0033', 'uni0034', 'uni0035', 'uni0036', 'uni0037', 'uni0038', 'uni0039', 'uni003A', 'uni0041', 'uni0042', 'uni0044', 'uni0045', 'uni0048', 'uni004A', 'uni004C', 'uni004F', 'uni0052', 'uni0053', 'uni0054', 'uni0057', 'uni0058', 'uni0059', 'uni005A', 'uni0061', 'uni0062', 'uni0063', 'uni0064', 'uni0065', 'uni0066', 'uni0067', 'uni0068', 'uni0069', 'uni006B', 'uni006C', 'uni006D', 'uni006E', 'uni006F', 'uni0070', 'uni0072', 'uni0073', 'uni0074', 'uni0075', 'uni0076', 'uni0077', 'uni0079', 'uni007B', 'uni007D', 'uni00C4']</msg>
<msg timestamp="20230223 19:12:22.166" level="INFO">Glyph IDs:   [0, 1, 2, 3, 65, 84, 95, 161, 265, 280, 320, 382, 395, 409, 456, 463, 469, 493, 504, 575, 582, 594, 612, 645, 650, 660, 679, 715, 723, 752, 759, 775, 827, 837, 867, 884, 899, 932, 936, 950, 1294, 1295, 1296, 1298, 1299, 1300, 1302, 1303, 1304, 1305, 1329, 1345, 1346, 1361, 1404, 1407, 1681]</msg>
<msg timestamp="20230223 19:12:22.166" level="INFO">Closed glyph list over 'glyf': 57 glyphs after</msg>
<msg timestamp="20230223 19:12:22.167" level="INFO">Glyph names: ['.notdef', '.null', 'uni0020', 'uni0021', 'uni002D', 'uni002E', 'uni0030', 'uni0031', 'uni0032', 'uni0033', 'uni0034', 'uni0035', 'uni0036', 'uni0037', 'uni0038', 'uni0039', 'uni003A', 'uni0041', 'uni0042', 'uni0044', 'uni0045', 'uni0048', 'uni004A', 'uni004C', 'uni004F', 'uni0052', 'uni0053', 'uni0054', 'uni0057', 'uni0058', 'uni0059', 'uni005A', 'uni0061', 'uni0062', 'uni0063', 'uni0064', 'uni0065', 'uni0066', 'uni0067', 'uni0068', 'uni0069', 'uni006B', 'uni006C', 'uni006D', 'uni006E', 'uni006F', 'uni0070', 'uni0072', 'uni0073', 'uni0074', 'uni0075', 'uni0076', 'uni0077', 'uni0079', 'uni007B', 'uni007D', 'uni00C4']</msg>
<msg timestamp="20230223 19:12:22.168" level="INFO">Glyph IDs:   [0, 1, 2, 3, 65, 84, 95, 161, 265, 280, 320, 382, 395, 409, 456, 463, 469, 493, 504, 575, 582, 594, 612, 645, 650, 660, 679, 715, 723, 752, 759, 775, 827, 837, 867, 884, 899, 932, 936, 950, 1294, 1295, 1296, 1298, 1299, 1300, 1302, 1303, 1304, 1305, 1329, 1345, 1346, 1361, 1404, 1407, 1681]</msg>
<msg timestamp="20230223 19:12:22.168" level="INFO">Retaining 57 glyphs</msg>
<msg timestamp="20230223 19:12:22.169" level="INFO">head subsetting not needed</msg>
<msg timestamp="20230223 19:12:22.170" level="INFO">hhea subsetting not needed</msg>
<msg timestamp="20230223 19:12:22.170" level="INFO">maxp subsetting not needed</msg>
<msg timestamp="20230223 19:12:22.171" level="INFO">OS/2 subsetting not needed</msg>
<msg timestamp="20230223 19:12:22.173" level="INFO">hmtx subsetted</msg>
<msg timestamp="20230223 19:12:22.175" level="INFO">cmap subsetted</msg>
<msg timestamp="20230223 19:12:22.175" level="INFO">prep subsetting not needed</msg>
<msg timestamp="20230223 19:12:22.175" level="INFO">loca subsetting not needed</msg>
<msg timestamp="20230223 19:12:22.176" level="INFO">post subsetted</msg>
<msg timestamp="20230223 19:12:22.178" level="INFO">gasp subsetting not needed</msg>
<msg timestamp="20230223 19:12:22.178" level="INFO">STAT subsetting not needed</msg>
<msg timestamp="20230223 19:12:22.179" level="INFO">name subsetting not needed</msg>
<msg timestamp="20230223 19:12:22.183" level="INFO">glyf subsetted</msg>
<msg timestamp="20230223 19:12:22.186" level="INFO">head pruned</msg>
<msg timestamp="20230223 19:12:22.188" level="INFO">OS/2 Unicode ranges pruned: [0]</msg>
<msg timestamp="20230223 19:12:22.194" level="INFO">glyf pruned</msg>
<msg timestamp="20230223 19:12:22.264" level="INFO">maxp pruned</msg>
<msg timestamp="20230223 19:12:22.265" level="INFO">cmap pruned</msg>
<msg timestamp="20230223 19:12:22.265" level="INFO">post pruned</msg>
<msg timestamp="20230223 19:12:22.266" level="INFO">GDEF dropped</msg>
<msg timestamp="20230223 19:12:22.266" level="INFO">GPOS dropped</msg>
<msg timestamp="20230223 19:12:22.266" level="INFO">GSUB dropped</msg>
<msg timestamp="20230223 19:12:22.268" level="INFO">name pruned</msg>
<msg timestamp="20230223 19:12:22.281" level="INFO">glyf pruned</msg>
<msg timestamp="20230223 19:12:22.282" level="INFO">Added gid0 to subset</msg>
<msg timestamp="20230223 19:12:22.283" level="INFO">Added first four glyphs to subset</msg>
<msg timestamp="20230223 19:12:22.284" level="INFO">Closing glyph list over 'glyf': 19 glyphs before</msg>
<msg timestamp="20230223 19:12:22.284" level="INFO">Glyph names: ['.notdef', '.null', 'uni0020', 'uni0030', 'uni0031', 'uni0032', 'uni0033', 'uni0034', 'uni0035', 'uni0036', 'uni0037', 'uni0038', 'uni0039', 'uni0041', 'uni0062', 'uni006E', 'uni007B', 'uni007D', 'uni00C4']</msg>
<msg timestamp="20230223 19:12:22.285" level="INFO">Glyph IDs:   [0, 1, 2, 3, 575, 759, 1294, 1295, 1296, 1298, 1299, 1300, 1302, 1303, 1304, 1305, 1345, 1346, 1681]</msg>
<msg timestamp="20230223 19:12:22.286" level="INFO">Closed glyph list over 'glyf': 19 glyphs after</msg>
<msg timestamp="20230223 19:12:22.286" level="INFO">Glyph names: ['.notdef', '.null', 'uni0020', 'uni0030', 'uni0031', 'uni0032', 'uni0033', 'uni0034', 'uni0035', 'uni0036', 'uni0037', 'uni0038', 'uni0039', 'uni0041', 'uni0062', 'uni006E', 'uni007B', 'uni007D', 'uni00C4']</msg>
<msg timestamp="20230223 19:12:22.287" level="INFO">Glyph IDs:   [0, 1, 2, 3, 575, 759, 1294, 1295, 1296, 1298, 1299, 1300, 1302, 1303, 1304, 1305, 1345, 1346, 1681]</msg>
<msg timestamp="20230223 19:12:22.288" level="INFO">Retaining 19 glyphs</msg>
<msg timestamp="20230223 19:12:22.290" level="INFO">head subsetting not needed</msg>
<msg timestamp="20230223 19:12:22.290" level="INFO">hhea subsetting not needed</msg>
<msg timestamp="20230223 19:12:22.291" level="INFO">maxp subsetting not needed</msg>
<msg timestamp="20230223 19:12:22.291" level="INFO">OS/2 subsetting not needed</msg>
<msg timestamp="20230223 19:12:22.294" level="INFO">hmtx subsetted</msg>
<msg timestamp="20230223 19:12:22.296" level="INFO">cmap subsetted</msg>
<msg timestamp="20230223 19:12:22.296" level="INFO">prep subsetting not needed</msg>
<msg timestamp="20230223 19:12:22.297" level="INFO">loca subsetting not needed</msg>
<msg timestamp="20230223 19:12:22.297" level="INFO">post subsetted</msg>
<msg timestamp="20230223 19:12:22.297" level="INFO">gasp subsetting not needed</msg>
<msg timestamp="20230223 19:12:22.298" level="INFO">STAT subsetting not needed</msg>
<msg timestamp="20230223 19:12:22.298" level="INFO">name subsetting not needed</msg>
<msg timestamp="20230223 19:12:22.299" level="INFO">glyf subsetted</msg>
<msg timestamp="20230223 19:12:22.301" level="INFO">head pruned</msg>
<msg timestamp="20230223 19:12:22.301" level="INFO">OS/2 Unicode ranges pruned: [0]</msg>
<msg timestamp="20230223 19:12:22.303" level="INFO">glyf pruned</msg>
<msg timestamp="20230223 19:12:22.348" level="INFO">maxp pruned</msg>
<msg timestamp="20230223 19:12:22.349" level="INFO">cmap pruned</msg>
<msg timestamp="20230223 19:12:22.349" level="INFO">post pruned</msg>
<msg timestamp="20230223 19:12:22.349" level="INFO">GDEF dropped</msg>
<msg timestamp="20230223 19:12:22.350" level="INFO">GPOS dropped</msg>
<msg timestamp="20230223 19:12:22.350" level="INFO">GSUB dropped</msg>
<msg timestamp="20230223 19:12:22.353" level="INFO">name pruned</msg>
<msg timestamp="20230223 19:12:22.370" level="INFO">glyf pruned</msg>
<msg timestamp="20230223 19:12:22.376" level="INFO">Added gid0 to subset</msg>
<msg timestamp="20230223 19:12:22.376" level="INFO">Added first four glyphs to subset</msg>
<msg timestamp="20230223 19:12:22.377" level="INFO">Closing glyph list over 'glyf': 18 glyphs before</msg>
<msg timestamp="20230223 19:12:22.377" level="INFO">Glyph names: ['.notdef', '.null', 'uni0020', 'uni0030', 'uni0031', 'uni0032', 'uni0033', 'uni0034', 'uni0035', 'uni0036', 'uni0037', 'uni0038', 'uni0039', 'uni0062', 'uni006E', 'uni007B', 'uni007D', 'uni00A0']</msg>
<msg timestamp="20230223 19:12:22.378" level="INFO">Glyph IDs:   [0, 1, 2, 3, 544, 727, 1256, 1257, 1258, 1260, 1261, 1262, 1264, 1265, 1266, 1267, 1307, 1308]</msg>
<msg timestamp="20230223 19:12:22.378" level="INFO">Closed glyph list over 'glyf': 18 glyphs after</msg>
<msg timestamp="20230223 19:12:22.379" level="INFO">Glyph names: ['.notdef', '.null', 'uni0020', 'uni0030', 'uni0031', 'uni0032', 'uni0033', 'uni0034', 'uni0035', 'uni0036', 'uni0037', 'uni0038', 'uni0039', 'uni0062', 'uni006E', 'uni007B', 'uni007D', 'uni00A0']</msg>
<msg timestamp="20230223 19:12:22.380" level="INFO">Glyph IDs:   [0, 1, 2, 3, 544, 727, 1256, 1257, 1258, 1260, 1261, 1262, 1264, 1265, 1266, 1267, 1307, 1308]</msg>
<msg timestamp="20230223 19:12:22.381" level="INFO">Retaining 18 glyphs</msg>
<msg timestamp="20230223 19:12:22.382" level="INFO">head subsetting not needed</msg>
<msg timestamp="20230223 19:12:22.382" level="INFO">hhea subsetting not needed</msg>
<msg timestamp="20230223 19:12:22.383" level="INFO">maxp subsetting not needed</msg>
<msg timestamp="20230223 19:12:22.383" level="INFO">OS/2 subsetting not needed</msg>
<msg timestamp="20230223 19:12:22.386" level="INFO">hmtx subsetted</msg>
<msg timestamp="20230223 19:12:22.387" level="INFO">cmap subsetted</msg>
<msg timestamp="20230223 19:12:22.387" level="INFO">loca subsetting not needed</msg>
<msg timestamp="20230223 19:12:22.388" level="INFO">post subsetted</msg>
<msg timestamp="20230223 19:12:22.388" level="INFO">name subsetting not needed</msg>
<msg timestamp="20230223 19:12:22.390" level="INFO">glyf subsetted</msg>
<msg timestamp="20230223 19:12:22.391" level="INFO">head pruned</msg>
<msg timestamp="20230223 19:12:22.392" level="INFO">OS/2 Unicode ranges pruned: [0]</msg>
<msg timestamp="20230223 19:12:22.393" level="INFO">glyf pruned</msg>
<msg timestamp="20230223 19:12:22.434" level="INFO">maxp pruned</msg>
<msg timestamp="20230223 19:12:22.435" level="INFO">cmap pruned</msg>
<msg timestamp="20230223 19:12:22.435" level="INFO">post pruned</msg>
<msg timestamp="20230223 19:12:22.436" level="INFO">GDEF dropped</msg>
<msg timestamp="20230223 19:12:22.436" level="INFO">GPOS dropped</msg>
<msg timestamp="20230223 19:12:22.436" level="INFO">GSUB dropped</msg>
<msg timestamp="20230223 19:12:22.437" level="INFO">name pruned</msg>
<msg timestamp="20230223 19:12:22.447" level="INFO">glyf pruned</msg>
<msg timestamp="20230223 19:12:22.453" level="INFO">Added gid0 to subset</msg>
<msg timestamp="20230223 19:12:22.454" level="INFO">Added first four glyphs to subset</msg>
<msg timestamp="20230223 19:12:22.454" level="INFO">Closing glyph list over 'glyf': 18 glyphs before</msg>
<msg timestamp="20230223 19:12:22.454" level="INFO">Glyph names: ['.notdef', '.null', 'uni0020', 'uni0030', 'uni0031', 'uni0032', 'uni0033', 'uni0034', 'uni0035', 'uni0036', 'uni0037', 'uni0038', 'uni0039', 'uni0062', 'uni006E', 'uni007B', 'uni007D', 'uni00A0']</msg>
<msg timestamp="20230223 19:12:22.455" level="INFO">Glyph IDs:   [0, 1, 2, 3, 544, 727, 1256, 1257, 1258, 1260, 1261, 1262, 1264, 1265, 1266, 1267, 1307, 1308]</msg>
<msg timestamp="20230223 19:12:22.456" level="INFO">Closed glyph list over 'glyf': 18 glyphs after</msg>
<msg timestamp="20230223 19:12:22.456" level="INFO">Glyph names: ['.notdef', '.null', 'uni0020', 'uni0030', 'uni0031', 'uni0032', 'uni0033', 'uni0034', 'uni0035', 'uni0036', 'uni0037', 'uni0038', 'uni0039', 'uni0062', 'uni006E', 'uni007B', 'uni007D', 'uni00A0']</msg>
<msg timestamp="20230223 19:12:22.457" level="INFO">Glyph IDs:   [0, 1, 2, 3, 544, 727, 1256, 1257, 1258, 1260, 1261, 1262, 1264, 1265, 1266, 1267, 1307, 1308]</msg>
<msg timestamp="20230223 19:12:22.457" level="INFO">Retaining 18 glyphs</msg>
<msg timestamp="20230223 19:12:22.458" level="INFO">head subsetting not needed</msg>
<msg timestamp="20230223 19:12:22.458" level="INFO">hhea subsetting not needed</msg>
<msg timestamp="20230223 19:12:22.459" level="INFO">maxp subsetting not needed</msg>
<msg timestamp="20230223 19:12:22.459" level="INFO">OS/2 subsetting not needed</msg>
<msg timestamp="20230223 19:12:22.462" level="INFO">hmtx subsetted</msg>
<msg timestamp="20230223 19:12:22.464" level="INFO">cmap subsetted</msg>
<msg timestamp="20230223 19:12:22.466" level="INFO">loca subsetting not needed</msg>
<msg timestamp="20230223 19:12:22.467" level="INFO">post subsetted</msg>
<msg timestamp="20230223 19:12:22.468" level="INFO">name subsetting not needed</msg>
<msg timestamp="20230223 19:12:22.471" level="INFO">glyf subsetted</msg>
<msg timestamp="20230223 19:12:22.474" level="INFO">head pruned</msg>
<msg timestamp="20230223 19:12:22.476" level="INFO">OS/2 Unicode ranges pruned: [0]</msg>
<msg timestamp="20230223 19:12:22.478" level="INFO">glyf pruned</msg>
<status status="PASS" starttime="20230223 19:12:21.829" endtime="20230223 19:12:22.513"/>
</kw>
<kw name="Open Pdf" library="RPA.PDF">
<arg>${pdf_files}${/}${orderid}.pdf</arg>
<doc>Open a PDF document for reading.</doc>
<status status="PASS" starttime="20230223 19:12:22.515" endtime="20230223 19:12:22.525"/>
</kw>
<kw name="Create List" library="BuiltIn">
<var>${file_List}</var>
<arg>${image_files}${/}${orderid}.png:x=10,y=10</arg>
<doc>Returns a list containing given items.</doc>
<msg timestamp="20230223 19:12:22.529" level="INFO">${file_List} = ['C:\\Users\\arnab\\Desktop\\ROBOCORP\\my-certII-robot\\image_files\\RSB-ROBO-ORDER-AEXJXYH2X.png:x=10,y=10']</msg>
<status status="PASS" starttime="20230223 19:12:22.526" endtime="20230223 19:12:22.530"/>
</kw>
<kw name="Add Files To Pdf" library="RPA.PDF">
<arg>${file_List}</arg>
<arg>${pdf_files}${/}${orderid}.pdf</arg>
<arg>${True}</arg>
<doc>Add images and/or pdfs to new PDF document</doc>
<msg timestamp="20230223 19:12:22.537" level="INFO">Adding page: 0</msg>
<msg timestamp="20230223 19:12:22.543" level="WARN">Object 7 0 found</msg>
<msg timestamp="20230223 19:12:22.574" level="WARN">Overwriting cache for 0 7</msg>
<msg timestamp="20230223 19:12:22.581" level="WARN">Object 14 0 found</msg>
<msg timestamp="20230223 19:12:22.585" level="WARN">Overwriting cache for 0 14</msg>
<msg timestamp="20230223 19:12:22.593" level="WARN">Object 21 0 found</msg>
<msg timestamp="20230223 19:12:22.596" level="WARN">Overwriting cache for 0 21</msg>
<msg timestamp="20230223 19:12:22.603" level="WARN">Object 28 0 found</msg>
<msg timestamp="20230223 19:12:22.606" level="WARN">Overwriting cache for 0 28</msg>
<msg timestamp="20230223 19:12:22.612" level="INFO">File C:\Users\arnab\Desktop\ROBOCORP\my-certII-robot\image_files\RSB-ROBO-ORDER-AEXJXYH2X.png type: png</msg>
<msg timestamp="20230223 19:12:22.613" level="INFO">Image parameters: {'x': '10', 'y': '10'}</msg>
<status status="PASS" starttime="20230223 19:12:22.531" endtime="20230223 19:12:23.931"/>
</kw>
<kw name="Close Pdf" library="RPA.PDF">
<arg>${pdf_files}${/}${orderid}.pdf</arg>
<doc>Close PDF file descriptor for a certain file.</doc>
<msg timestamp="20230223 19:12:23.936" level="INFO">Closing PDF document: C:\Users\arnab\Desktop\ROBOCORP\my-certII-robot\pdf_files\RSB-ROBO-ORDER-AEXJXYH2X.pdf</msg>
<status status="PASS" starttime="20230223 19:12:23.932" endtime="20230223 19:12:23.937"/>
</kw>
<msg timestamp="20230223 19:12:23.939" level="INFO">${pdf} = None</msg>
<status status="PASS" starttime="20230223 19:12:21.771" endtime="20230223 19:12:23.940"/>
</kw>
<kw name="Go to order another robot">
<kw name="Wait Until Element Is Enabled" library="RPA.Browser.Selenium">
<arg>//*[@id="order-another"]</arg>
<doc>Waits until the element ``locator`` is enabled.</doc>
<status status="PASS" starttime="20230223 19:12:23.943" endtime="20230223 19:12:23.978"/>
</kw>
<kw name="Click Button" library="RPA.Browser.Selenium">
<arg>//*[@id="order-another"]</arg>
<doc>Clicks the button identified by ``locator``.</doc>
<msg timestamp="20230223 19:12:23.981" level="INFO">Clicking button '//*[@id="order-another"]'.</msg>
<status status="PASS" starttime="20230223 19:12:23.979" endtime="20230223 19:12:24.194"/>
</kw>
<status status="PASS" starttime="20230223 19:12:23.941" endtime="20230223 19:12:24.196"/>
</kw>
<status status="PASS" starttime="20230223 19:12:16.566" endtime="20230223 19:12:24.198"/>
</iter>
<iter>
<var name="${row}">{'Order number': '9', 'Head': '3', 'Body': '2', 'Legs': '2', 'Address': 'Address 6'}</var>
<kw name="Log" library="BuiltIn">
<arg>${row}</arg>
